2026-02-20T05:46:51.781Z - Compiling schema: {"version":"default_schema_version_d751713988987e9331980363e24189ce","requestId":"fb2b98e9-650d-4043-9ee0-b3d19e9cdbf7-span-1"}
2026-02-20T05:46:51.793Z - Compiling schema completed: {"version":"default_schema_version_d751713988987e9331980363e24189ce","requestId":"fb2b98e9-650d-4043-9ee0-b3d19e9cdbf7-span-1","duration":13}
2026-02-20T05:46:51.899Z - UserError: {"query":{"measures":["DataSources.count"],"timezone":"UTC"},"error":"Cube 'DataSources' not found for path 'DataSources.count'","duration":135,"requestId":"fb2b98e9-650d-4043-9ee0-b3d19e9cdbf7-span-1"}
2026-02-20T05:46:51.915Z - UserError: {"query":{"measures":["Reports.count"],"timezone":"UTC"},"error":"Cube 'Reports' not found for path 'Reports.count'","duration":10,"requestId":"a7115417-21db-496a-8491-90dd6873488f-span-1"}
2026-02-20T05:46:52.007Z - UserError: {"query":{"measures":["DataSources.activeCount"],"timezone":"UTC"},"error":"Cube 'DataSources' not found for path 'DataSources.activeCount'","duration":47,"requestId":"a7d42e60-64db-4883-8a99-f349c8db4e67-span-1"}
2026-02-20T05:46:52.009Z - UserError: {"query":{"measures":["Dashboards.count"],"timezone":"UTC"},"error":"Cube 'Dashboards' not found for path 'Dashboards.count'","duration":46,"requestId":"d5a5de0d-4b71-426e-a6b8-c2a5b8816877-span-1"}
2026-02-20T05:46:52.014Z - UserError: {"query":{"measures":["Users.count"],"timezone":"UTC"},"error":"Cube 'Users' not found for path 'Users.count'","duration":48,"requestId":"f371feef-8a7e-4663-9b15-be459584e76c-span-1"}
2026-02-20T05:46:52.023Z - UserError: {"query":{"measures":["Reports.count"],"timeDimensions":[{"dimension":"Reports.createdAt","granularity":"day","dateRange":"last 30 days"}],"timezone":"UTC"},"error":"Cube 'Reports' not found for path 'Reports.count'","duration":51,"requestId":"0f6aa0c9-27c7-45f7-aa70-1a4c4d0441d3-span-1"}
2026-02-20T05:46:52.024Z - UserError: {"query":{"measures":["DataSources.count"],"dimensions":["DataSources.type"],"timezone":"UTC"},"error":"Cube 'DataSources' not found for path 'DataSources.count'","duration":40,"requestId":"1c4993cb-e183-419d-81b0-833d17c49655-span-1"}
2026-02-20T05:46:52.029Z - UserError: {"query":{"measures":["Dashboards.count"],"timeDimensions":[{"dimension":"Dashboards.createdAt","granularity":"day","dateRange":"last 30 days"}],"timezone":"UTC"},"error":"Cube 'Dashboards' not found for path 'Dashboards.count'","duration":42,"requestId":"4fb5a7b5-7052-47ef-be12-400005904399-span-1"}
2026-02-20T05:46:52.066Z - UserError: {"query":{"measures":["Users.count"],"timeDimensions":[{"dimension":"Users.createdAt","granularity":"day","dateRange":"last 30 days"}],"timezone":"UTC"},"error":"Cube 'Users' not found for path 'Users.count'","duration":28,"requestId":"74629b3a-3e8a-4659-9eb7-d7fedd9ec332-span-1"}
2026-02-20T05:46:52.071Z - UserError: {"query":{"measures":["Users.adminCount"],"timezone":"UTC"},"error":"Cube 'Users' not found for path 'Users.adminCount'","duration":27,"requestId":"c1a00635-d5b2-4345-b5b0-c3da723f106c-span-1"}
2026-02-20T05:46:52.073Z - UserError: {"query":{"measures":["Users.regularUserCount"],"timezone":"UTC"},"error":"Cube 'Users' not found for path 'Users.regularUserCount'","duration":29,"requestId":"c6d55d0b-17f7-45cb-876c-93317ebed27e-span-1"}
2026-02-20T05:46:52.077Z - UserError: {"query":{"measures":["Users.managerCount"],"timezone":"UTC"},"error":"Cube 'Users' not found for path 'Users.managerCount'","duration":29,"requestId":"68da7f44-86e0-4172-a015-7277eabd5b7a-span-1"}
2026-02-20T05:46:52.082Z - UserError: {"query":{"measures":["Schedules.count"],"timezone":"UTC"},"error":"Cube 'Schedules' not found for path 'Schedules.count'","duration":29,"requestId":"8a98ccd8-952d-47f2-b4a9-fda266395bac-span-1"}
2026-02-20T05:46:52.089Z - UserError: {"query":{"measures":["Schedules.activeCount"],"timezone":"UTC"},"error":"Cube 'Schedules' not found for path 'Schedules.activeCount'","duration":35,"requestId":"ec557ac0-ad34-40db-be7e-9db1ee7bbdd1-span-1"}
2026-02-20T05:46:52.096Z - UserError: {"query":{"measures":["Schedules.count"],"dimensions":["Schedules.taskType"],"timezone":"UTC"},"error":"Cube 'Schedules' not found for path 'Schedules.count'","duration":11,"requestId":"3a9f27e8-9761-41c1-a852-8755134bf1e4-span-1"}
2026-02-20T05:46:52.128Z - UserError: {"query":{"measures":["DataSources.count"],"timezone":"UTC"},"error":"Cube 'DataSources' not found for path 'DataSources.count'","duration":26,"requestId":"887a0616-42ff-430e-8458-c0783436161b-span-1"}
2026-02-20T05:46:52.129Z - UserError: {"query":{"measures":["Reports.count"],"timezone":"UTC"},"error":"Cube 'Reports' not found for path 'Reports.count'","duration":23,"requestId":"672ffd2f-011b-4d56-b8cc-a74aa420cea4-span-1"}
2026-02-20T05:46:52.133Z - UserError: {"query":{"measures":["DataSources.activeCount"],"timezone":"UTC"},"error":"Cube 'DataSources' not found for path 'DataSources.activeCount'","duration":21,"requestId":"a90d5a91-a8c4-42a6-b124-3b2190fe5245-span-1"}
2026-02-20T05:46:52.135Z - UserError: {"query":{"measures":["Dashboards.count"],"timezone":"UTC"},"error":"Cube 'Dashboards' not found for path 'Dashboards.count'","duration":23,"requestId":"6ee9ea1c-badb-4fe4-9ebd-87b8c63beeb3-span-1"}
2026-02-20T05:46:52.137Z - UserError: {"query":{"measures":["Users.count"],"timezone":"UTC"},"error":"Cube 'Users' not found for path 'Users.count'","duration":22,"requestId":"9a968857-e9e2-44bd-869a-02ac26ef0728-span-1"}
2026-02-20T05:46:52.140Z - UserError: {"query":{"measures":["Reports.count"],"timeDimensions":[{"dimension":"Reports.createdAt","granularity":"day","dateRange":"last 30 days"}],"timezone":"UTC"},"error":"Cube 'Reports' not found for path 'Reports.count'","duration":23,"requestId":"ddba8de6-548e-4b6c-9660-7abd478a14aa-span-1"}
2026-02-20T05:46:52.209Z - UserError: {"query":{"measures":["Users.adminCount"],"timezone":"UTC"},"error":"Cube 'Users' not found for path 'Users.adminCount'","duration":43,"requestId":"dbbecd68-55c9-4c85-9858-9514e223985d-span-1"}
2026-02-20T05:46:52.217Z - UserError: {"query":{"measures":["Users.count"],"timeDimensions":[{"dimension":"Users.createdAt","granularity":"day","dateRange":"last 30 days"}],"timezone":"UTC"},"error":"Cube 'Users' not found for path 'Users.count'","duration":44,"requestId":"b1d90a64-3c54-4287-abda-734ca3e03f1f-span-1"}
2026-02-20T05:46:52.220Z - UserError: {"query":{"measures":["Dashboards.count"],"timeDimensions":[{"dimension":"Dashboards.createdAt","granularity":"day","dateRange":"last 30 days"}],"timezone":"UTC"},"error":"Cube 'Dashboards' not found for path 'Dashboards.count'","duration":44,"requestId":"78757594-0dc0-4491-b302-22aa5370dcb2-span-1"}
2026-02-20T05:46:52.237Z - UserError: {"query":{"measures":["DataSources.count"],"dimensions":["DataSources.type"],"timezone":"UTC"},"error":"Cube 'DataSources' not found for path 'DataSources.count'","duration":53,"requestId":"af1daed4-3591-4403-adb4-a079ed78570a-span-1"}
2026-02-20T05:46:52.242Z - UserError: {"query":{"measures":["Users.regularUserCount"],"timezone":"UTC"},"error":"Cube 'Users' not found for path 'Users.regularUserCount'","duration":59,"requestId":"5af6bb1c-c8ce-43b8-9e50-57f669863fc8-span-1"}
2026-02-20T05:46:52.245Z - UserError: {"query":{"measures":["Users.managerCount"],"timezone":"UTC"},"error":"Cube 'Users' not found for path 'Users.managerCount'","duration":58,"requestId":"168f4dc2-ab7b-4622-ac1a-29ae19f57f00-span-1"}
2026-02-20T05:46:52.266Z - UserError: {"query":{"measures":["Schedules.activeCount"],"timezone":"UTC"},"error":"Cube 'Schedules' not found for path 'Schedules.activeCount'","duration":10,"requestId":"4a44af0f-f04f-4c04-841e-f6e2a4bd214b-span-1"}
2026-02-20T05:46:52.270Z - UserError: {"query":{"measures":["Schedules.count"],"timezone":"UTC"},"error":"Cube 'Schedules' not found for path 'Schedules.count'","duration":16,"requestId":"d777602c-c5a2-43d0-8a3f-e6c0ec17cb12-span-1"}
2026-02-20T05:46:52.274Z - UserError: {"query":{"measures":["Schedules.count"],"dimensions":["Schedules.taskType"],"timezone":"UTC"},"error":"Cube 'Schedules' not found for path 'Schedules.count'","duration":16,"requestId":"44055072-120f-4f8a-add3-bbaa99b4e292-span-1"}
2026-02-20T05:47:19.986Z - UserError: {"query":{"measures":["Reports.count"],"timezone":"UTC"},"error":"Cube 'Reports' not found for path 'Reports.count'","duration":12,"requestId":"cde54caf-76ec-4a8a-8a12-507e7bd9e5ea-span-1"}
2026-02-20T05:47:20.098Z - UserError: {"query":{"measures":["DataSources.count"],"timezone":"UTC"},"error":"Cube 'DataSources' not found for path 'DataSources.count'","duration":10,"requestId":"f42cc543-bb90-4c61-8de0-dc316e624fa7-span-1"}
2026-02-20T05:47:20.262Z - UserError: {"query":{"measures":["DataSources.activeCount"],"timezone":"UTC"},"error":"Cube 'DataSources' not found for path 'DataSources.activeCount'","duration":34,"requestId":"d043cb85-5ef4-480a-8598-f4cc964c0bf2-span-1"}
2026-02-20T05:47:20.267Z - UserError: {"query":{"measures":["Reports.count"],"timezone":"UTC"},"error":"Cube 'Reports' not found for path 'Reports.count'","duration":41,"requestId":"404ece33-b7f8-49b8-bba2-d232ef33136f-span-1"}
2026-02-20T05:47:20.272Z - UserError: {"query":{"measures":["Users.count"],"timezone":"UTC"},"error":"Cube 'Users' not found for path 'Users.count'","duration":42,"requestId":"51ebc2b8-473c-46d0-808a-f3954657c1cc-span-1"}
2026-02-20T05:47:20.277Z - UserError: {"query":{"measures":["Dashboards.count"],"timezone":"UTC"},"error":"Cube 'Dashboards' not found for path 'Dashboards.count'","duration":44,"requestId":"ef1cb4ca-f4d4-4075-a447-88d5d3a0cd62-span-1"}
2026-02-20T05:47:20.285Z - UserError: {"query":{"measures":["Dashboards.count"],"timeDimensions":[{"dimension":"Dashboards.createdAt","granularity":"day","dateRange":"last 30 days"}],"timezone":"UTC"},"error":"Cube 'Dashboards' not found for path 'Dashboards.count'","duration":47,"requestId":"052f64c1-4a8e-4ee8-913f-50ecc0e826c2-span-1"}
2026-02-20T05:47:20.293Z - UserError: {"query":{"measures":["DataSources.count"],"dimensions":["DataSources.type"],"timezone":"UTC"},"error":"Cube 'DataSources' not found for path 'DataSources.count'","duration":52,"requestId":"d193a2eb-87ec-423b-981d-610c6ae2da4a-span-1"}
2026-02-20T05:47:20.353Z - UserError: {"query":{"measures":["Users.regularUserCount"],"timezone":"UTC"},"error":"Cube 'Users' not found for path 'Users.regularUserCount'","duration":35,"requestId":"c56d3e85-3edd-4e3b-8347-a924f1228e4e-span-1"}
2026-02-20T05:47:20.355Z - UserError: {"query":{"measures":["Users.adminCount"],"timezone":"UTC"},"error":"Cube 'Users' not found for path 'Users.adminCount'","duration":31,"requestId":"5beeaced-ebff-47f5-8171-5a3545b09a57-span-1"}
2026-02-20T05:47:20.356Z - UserError: {"query":{"measures":["Schedules.count"],"timezone":"UTC"},"error":"Cube 'Schedules' not found for path 'Schedules.count'","duration":28,"requestId":"3d783acd-c22a-4db7-ae51-dfd331413ae5-span-1"}
2026-02-20T05:47:20.360Z - UserError: {"query":{"measures":["Reports.count"],"timeDimensions":[{"dimension":"Reports.createdAt","granularity":"day","dateRange":"last 30 days"}],"timezone":"UTC"},"error":"Cube 'Reports' not found for path 'Reports.count'","duration":27,"requestId":"893f4b9b-3fef-4833-8ca5-800cd7bacfa4-span-1"}
2026-02-20T05:47:20.362Z - UserError: {"query":{"measures":["Users.count"],"timeDimensions":[{"dimension":"Users.createdAt","granularity":"day","dateRange":"last 30 days"}],"timezone":"UTC"},"error":"Cube 'Users' not found for path 'Users.count'","duration":24,"requestId":"5fb0967d-bb12-4151-8f80-1906af3ad16f-span-1"}
2026-02-20T05:47:20.364Z - UserError: {"query":{"measures":["Users.managerCount"],"timezone":"UTC"},"error":"Cube 'Users' not found for path 'Users.managerCount'","duration":48,"requestId":"04d582a5-757f-45dd-87cf-a0ef1aee820c-span-1"}
2026-02-20T05:47:20.402Z - UserError: {"query":{"measures":["DataSources.count"],"timezone":"UTC"},"error":"Cube 'DataSources' not found for path 'DataSources.count'","duration":15,"requestId":"707ee6f2-c3f2-4467-a923-5f0806f0020e-span-1"}
2026-02-20T05:47:20.404Z - UserError: {"query":{"measures":["Schedules.count"],"dimensions":["Schedules.taskType"],"timezone":"UTC"},"error":"Cube 'Schedules' not found for path 'Schedules.count'","duration":15,"requestId":"84f71ded-743f-48ad-869d-002d179daee5-span-1"}
2026-02-20T05:47:20.405Z - UserError: {"query":{"measures":["DataSources.activeCount"],"timezone":"UTC"},"error":"Cube 'DataSources' not found for path 'DataSources.activeCount'","duration":14,"requestId":"632f4dab-f2db-4283-9f2b-f22d39882f8a-span-1"}
2026-02-20T05:47:20.407Z - UserError: {"query":{"measures":["Users.count"],"timezone":"UTC"},"error":"Cube 'Users' not found for path 'Users.count'","duration":13,"requestId":"72a26104-1e63-41a3-b8e3-3d2527f3e87f-span-1"}
2026-02-20T05:47:20.409Z - UserError: {"query":{"measures":["Dashboards.count"],"timezone":"UTC"},"error":"Cube 'Dashboards' not found for path 'Dashboards.count'","duration":13,"requestId":"9a5c90e7-dd51-476d-9fe7-0064ca29debc-span-1"}
2026-02-20T05:47:20.410Z - UserError: {"query":{"measures":["Schedules.activeCount"],"timezone":"UTC"},"error":"Cube 'Schedules' not found for path 'Schedules.activeCount'","duration":25,"requestId":"83a7594c-ba73-493a-aa34-e6ff93a9b49c-span-1"}
2026-02-20T05:47:20.478Z - UserError: {"query":{"measures":["Dashboards.count"],"timeDimensions":[{"dimension":"Dashboards.createdAt","granularity":"day","dateRange":"last 30 days"}],"timezone":"UTC"},"error":"Cube 'Dashboards' not found for path 'Dashboards.count'","duration":29,"requestId":"dc0782f5-b9d6-417b-811d-425db180eb34-span-1"}
2026-02-20T05:47:20.480Z - UserError: {"query":{"measures":["DataSources.count"],"dimensions":["DataSources.type"],"timezone":"UTC"},"error":"Cube 'DataSources' not found for path 'DataSources.count'","duration":25,"requestId":"986ff938-0f1f-4745-84ac-a96d9cdb74d6-span-1"}
2026-02-20T05:47:20.485Z - UserError: {"query":{"measures":["Reports.count"],"timeDimensions":[{"dimension":"Reports.createdAt","granularity":"day","dateRange":"last 30 days"}],"timezone":"UTC"},"error":"Cube 'Reports' not found for path 'Reports.count'","duration":28,"requestId":"d269e72a-8cc2-407a-8536-5647e4e09041-span-1"}
2026-02-20T05:47:20.487Z - UserError: {"query":{"measures":["Users.count"],"timeDimensions":[{"dimension":"Users.createdAt","granularity":"day","dateRange":"last 30 days"}],"timezone":"UTC"},"error":"Cube 'Users' not found for path 'Users.count'","duration":27,"requestId":"61f90f83-d3c6-4745-b66e-09e4fabdf6fb-span-1"}
2026-02-20T05:47:20.492Z - UserError: {"query":{"measures":["Users.managerCount"],"timezone":"UTC"},"error":"Cube 'Users' not found for path 'Users.managerCount'","duration":27,"requestId":"f151ca44-c1e9-4812-8474-050742aeb6d2-span-1"}
2026-02-20T05:47:20.494Z - UserError: {"query":{"measures":["Users.adminCount"],"timezone":"UTC"},"error":"Cube 'Users' not found for path 'Users.adminCount'","duration":27,"requestId":"6b824c28-5ee6-4d78-9ecc-0d6ed9d3aeee-span-1"}
2026-02-20T05:47:20.523Z - UserError: {"query":{"measures":["Users.regularUserCount"],"timezone":"UTC"},"error":"Cube 'Users' not found for path 'Users.regularUserCount'","duration":10,"requestId":"b3e4482c-d2c9-4755-ac3e-75bee558aed3-span-1"}
2026-02-20T05:47:20.524Z - UserError: {"query":{"measures":["Schedules.activeCount"],"timezone":"UTC"},"error":"Cube 'Schedules' not found for path 'Schedules.activeCount'","duration":7,"requestId":"e4eb74ca-560a-4f8c-a9ae-33e4df7f56b0-span-1"}
2026-02-20T05:47:20.526Z - UserError: {"query":{"measures":["Schedules.count"],"dimensions":["Schedules.taskType"],"timezone":"UTC"},"error":"Cube 'Schedules' not found for path 'Schedules.count'","duration":8,"requestId":"311ba834-77b2-459c-96b2-99375ab0cf18-span-1"}
2026-02-20T05:47:20.532Z - UserError: {"query":{"measures":["Schedules.count"],"timezone":"UTC"},"error":"Cube 'Schedules' not found for path 'Schedules.count'","duration":16,"requestId":"803c51e0-4b71-46f1-b51d-9ec5464ac3d8-span-1"}
2026-02-20T05:49:55.225Z - Compiling schema: {"version":"default_schema_version_d751713988987e9331980363e24189ce","requestId":"ec839334-ceb3-478f-b713-0c6b4a2d9a40-span-1"}
2026-02-20T05:49:55.249Z - Compiling schema completed: {"version":"default_schema_version_d751713988987e9331980363e24189ce","requestId":"ec839334-ceb3-478f-b713-0c6b4a2d9a40-span-1","duration":25}
2026-02-20T06:47:31.330Z - UserError: {"query":{"measures":["Reports.count"],"timezone":"UTC"},"error":"Cube 'Reports' not found for path 'Reports.count'","duration":20,"requestId":"35bfdfce-d0ab-496b-897e-624f7a1e87c8-span-1"}
2026-02-20T06:47:31.396Z - UserError: {"query":{"measures":["DataSources.count"],"timezone":"UTC"},"error":"Cube 'DataSources' not found for path 'DataSources.count'","duration":34,"requestId":"43ed74ca-eacd-481b-8851-6cfdf7f4c920-span-1"}
2026-02-20T06:47:31.400Z - UserError: {"query":{"measures":["Dashboards.count"],"timezone":"UTC"},"error":"Cube 'Dashboards' not found for path 'Dashboards.count'","duration":34,"requestId":"c440fd53-1fde-4d9f-98c8-aed12351b62b-span-1"}
2026-02-20T06:47:31.405Z - UserError: {"query":{"measures":["Reports.count"],"timeDimensions":[{"dimension":"Reports.createdAt","granularity":"day","dateRange":"last 30 days"}],"timezone":"UTC"},"error":"Cube 'Reports' not found for path 'Reports.count'","duration":38,"requestId":"b8ad333b-e3a2-425a-9b5f-dc46bd0393cf-span-1"}
2026-02-20T06:47:31.409Z - UserError: {"query":{"measures":["Users.count"],"timezone":"UTC"},"error":"Cube 'Users' not found for path 'Users.count'","duration":29,"requestId":"892a4184-eb21-48ac-a87d-44074f785301-span-1"}
2026-02-20T06:47:31.412Z - UserError: {"query":{"measures":["DataSources.activeCount"],"timezone":"UTC"},"error":"Cube 'DataSources' not found for path 'DataSources.activeCount'","duration":29,"requestId":"ca6f5cec-3154-49bb-b759-791c721cf251-span-1"}
2026-02-20T06:47:31.417Z - UserError: {"query":{"measures":["DataSources.count"],"dimensions":["DataSources.type"],"timezone":"UTC"},"error":"Cube 'DataSources' not found for path 'DataSources.count'","duration":32,"requestId":"19e7c512-6ddb-483d-9b4a-20a119a7d282-span-1"}
2026-02-20T06:47:31.433Z - UserError: {"query":{"measures":["Dashboards.count"],"timeDimensions":[{"dimension":"Dashboards.createdAt","granularity":"day","dateRange":"last 30 days"}],"timezone":"UTC"},"error":"Cube 'Dashboards' not found for path 'Dashboards.count'","duration":6,"requestId":"9ce28136-ba1b-4747-9c14-0496dbb096ad-span-1"}
2026-02-20T06:47:31.457Z - UserError: {"query":{"measures":["Users.count"],"timeDimensions":[{"dimension":"Users.createdAt","granularity":"day","dateRange":"last 30 days"}],"timezone":"UTC"},"error":"Cube 'Users' not found for path 'Users.count'","duration":21,"requestId":"4d09d5a2-5222-4924-b625-8e5eda686d81-span-1"}
2026-02-20T06:47:31.464Z - UserError: {"query":{"measures":["Users.adminCount"],"timezone":"UTC"},"error":"Cube 'Users' not found for path 'Users.adminCount'","duration":19,"requestId":"b62d8035-6383-4a73-98d1-d47a6b1b6693-span-1"}
2026-02-20T06:47:31.466Z - UserError: {"query":{"measures":["Users.regularUserCount"],"timezone":"UTC"},"error":"Cube 'Users' not found for path 'Users.regularUserCount'","duration":19,"requestId":"47053e12-46b0-4355-bfb4-dee5690e4182-span-1"}
2026-02-20T06:47:31.468Z - UserError: {"query":{"measures":["Users.managerCount"],"timezone":"UTC"},"error":"Cube 'Users' not found for path 'Users.managerCount'","duration":19,"requestId":"213d30ef-5643-4ace-bd47-96c6aa7073d9-span-1"}
2026-02-20T06:47:31.470Z - UserError: {"query":{"measures":["Schedules.count"],"timezone":"UTC"},"error":"Cube 'Schedules' not found for path 'Schedules.count'","duration":19,"requestId":"d8d5c61b-6f51-4261-a035-ce62eefacb9a-span-1"}
2026-02-20T06:47:31.471Z - UserError: {"query":{"measures":["Schedules.activeCount"],"timezone":"UTC"},"error":"Cube 'Schedules' not found for path 'Schedules.activeCount'","duration":17,"requestId":"c704cb0d-19e9-4a1a-92cd-b75a69eb741e-span-1"}
2026-02-20T06:47:31.511Z - UserError: {"query":{"measures":["Schedules.count"],"dimensions":["Schedules.taskType"],"timezone":"UTC"},"error":"Cube 'Schedules' not found for path 'Schedules.count'","duration":3,"requestId":"db507ae3-0dbb-452b-8eaf-a7474005f398-span-1"}
2026-02-20T06:47:31.537Z - UserError: {"query":{"measures":["Reports.count"],"timezone":"UTC"},"error":"Cube 'Reports' not found for path 'Reports.count'","duration":21,"requestId":"f3ea8dae-20e5-4c96-83fe-9884e1e78984-span-1"}
2026-02-20T06:47:31.541Z - UserError: {"query":{"measures":["DataSources.count"],"timezone":"UTC"},"error":"Cube 'DataSources' not found for path 'DataSources.count'","duration":22,"requestId":"7f8cf55c-bb54-4444-a759-a936dbcfdba0-span-1"}
2026-02-20T06:47:31.542Z - UserError: {"query":{"measures":["DataSources.activeCount"],"timezone":"UTC"},"error":"Cube 'DataSources' not found for path 'DataSources.activeCount'","duration":21,"requestId":"4da1f5e1-8ccb-4751-8039-e252ab92771b-span-1"}
2026-02-20T06:47:31.545Z - UserError: {"query":{"measures":["Dashboards.count"],"timezone":"UTC"},"error":"Cube 'Dashboards' not found for path 'Dashboards.count'","duration":22,"requestId":"de44ac28-ba7c-4c89-829c-8df275d43218-span-1"}
2026-02-20T06:47:31.547Z - UserError: {"query":{"measures":["Users.count"],"timezone":"UTC"},"error":"Cube 'Users' not found for path 'Users.count'","duration":22,"requestId":"941cd2ff-6334-4770-ba65-d25e040a1463-span-1"}
2026-02-20T06:47:31.549Z - UserError: {"query":{"measures":["Reports.count"],"timeDimensions":[{"dimension":"Reports.createdAt","granularity":"day","dateRange":"last 30 days"}],"timezone":"UTC"},"error":"Cube 'Reports' not found for path 'Reports.count'","duration":23,"requestId":"853dbf85-7c21-4a0f-a42c-d611c9c8605c-span-1"}
2026-02-20T06:47:31.579Z - UserError: {"query":{"measures":["DataSources.count"],"dimensions":["DataSources.type"],"timezone":"UTC"},"error":"Cube 'DataSources' not found for path 'DataSources.count'","duration":22,"requestId":"3ee7444b-18b1-415b-ad5d-f3eeae2d8ccd-span-1"}
2026-02-20T06:47:31.582Z - UserError: {"query":{"measures":["Users.regularUserCount"],"timezone":"UTC"},"error":"Cube 'Users' not found for path 'Users.regularUserCount'","duration":22,"requestId":"6e65ad73-de26-41b3-8636-ae5872312548-span-1"}
2026-02-20T06:47:31.583Z - UserError: {"query":{"measures":["Users.adminCount"],"timezone":"UTC"},"error":"Cube 'Users' not found for path 'Users.adminCount'","duration":21,"requestId":"3b7a2e21-b733-4adf-b079-6dceb2ae704d-span-1"}
2026-02-20T06:47:31.585Z - UserError: {"query":{"measures":["Users.count"],"timeDimensions":[{"dimension":"Users.createdAt","granularity":"day","dateRange":"last 30 days"}],"timezone":"UTC"},"error":"Cube 'Users' not found for path 'Users.count'","duration":21,"requestId":"d18653cf-35a4-4faa-a334-001f3b850075-span-1"}
2026-02-20T06:47:31.587Z - UserError: {"query":{"measures":["Users.managerCount"],"timezone":"UTC"},"error":"Cube 'Users' not found for path 'Users.managerCount'","duration":21,"requestId":"c1c0820f-9296-4960-8362-f9a8f30db3cb-span-1"}
2026-02-20T06:47:31.588Z - UserError: {"query":{"measures":["Dashboards.count"],"timeDimensions":[{"dimension":"Dashboards.createdAt","granularity":"day","dateRange":"last 30 days"}],"timezone":"UTC"},"error":"Cube 'Dashboards' not found for path 'Dashboards.count'","duration":20,"requestId":"5b988dca-1191-480e-86fb-66e48255867a-span-1"}
2026-02-20T06:47:31.611Z - UserError: {"query":{"measures":["Schedules.count"],"timezone":"UTC"},"error":"Cube 'Schedules' not found for path 'Schedules.count'","duration":9,"requestId":"e449a13d-5abb-4f29-b905-360574e056b5-span-1"}
2026-02-20T06:47:31.613Z - UserError: {"query":{"measures":["Schedules.activeCount"],"timezone":"UTC"},"error":"Cube 'Schedules' not found for path 'Schedules.activeCount'","duration":9,"requestId":"0ac2260d-f889-4d83-881f-2d831c147dd3-span-1"}
2026-02-20T06:47:31.615Z - UserError: {"query":{"measures":["Schedules.count"],"dimensions":["Schedules.taskType"],"timezone":"UTC"},"error":"Cube 'Schedules' not found for path 'Schedules.count'","duration":8,"requestId":"45782351-1e4a-4502-91c5-110f81bb0738-span-1"}
2026-02-20T06:47:36.343Z - UserError: {"query":{"measures":["DataSources.count"],"timezone":"UTC"},"error":"Cube 'DataSources' not found for path 'DataSources.count'","duration":5,"requestId":"b4669b04-6eea-48a7-b265-2a54fd9a263e-span-1"}
2026-02-20T06:47:36.372Z - UserError: {"query":{"measures":["DataSources.activeCount"],"timezone":"UTC"},"error":"Cube 'DataSources' not found for path 'DataSources.activeCount'","duration":23,"requestId":"9a57937c-ea64-4938-91b9-66c590bc0ad9-span-1"}
2026-02-20T06:47:36.374Z - UserError: {"query":{"measures":["Dashboards.count"],"timezone":"UTC"},"error":"Cube 'Dashboards' not found for path 'Dashboards.count'","duration":23,"requestId":"7755a5ff-b682-44ab-b5c0-c52af96c4267-span-1"}
2026-02-20T06:47:36.379Z - UserError: {"query":{"measures":["Users.count"],"timezone":"UTC"},"error":"Cube 'Users' not found for path 'Users.count'","duration":24,"requestId":"d89c2502-4871-44d3-aafb-c558e37edb1c-span-1"}
2026-02-20T06:47:36.382Z - UserError: {"query":{"measures":["Reports.count"],"timeDimensions":[{"dimension":"Reports.createdAt","granularity":"day","dateRange":"last 30 days"}],"timezone":"UTC"},"error":"Cube 'Reports' not found for path 'Reports.count'","duration":23,"requestId":"d4cd6d1c-8036-4b68-aed0-9fba405e75c5-span-1"}
2026-02-20T06:47:36.385Z - UserError: {"query":{"measures":["DataSources.count"],"dimensions":["DataSources.type"],"timezone":"UTC"},"error":"Cube 'DataSources' not found for path 'DataSources.count'","duration":23,"requestId":"586c312c-9778-4fb2-9098-83bd0cec298e-span-1"}
2026-02-20T06:47:36.392Z - UserError: {"query":{"measures":["Dashboards.count"],"timeDimensions":[{"dimension":"Dashboards.createdAt","granularity":"day","dateRange":"last 30 days"}],"timezone":"UTC"},"error":"Cube 'Dashboards' not found for path 'Dashboards.count'","duration":28,"requestId":"e72d055f-a44e-41b1-9d11-5410a0864252-span-1"}
2026-02-20T06:47:36.401Z - UserError: {"query":{"measures":["Users.count"],"timeDimensions":[{"dimension":"Users.createdAt","granularity":"day","dateRange":"last 30 days"}],"timezone":"UTC"},"error":"Cube 'Users' not found for path 'Users.count'","duration":13,"requestId":"729fad36-66b4-4bf2-bd69-dcb01a9e988f-span-1"}
2026-02-20T06:47:36.415Z - UserError: {"query":{"measures":["Users.adminCount"],"timezone":"UTC"},"error":"Cube 'Users' not found for path 'Users.adminCount'","duration":2,"requestId":"4b20fbdb-016a-439a-8f6b-f0b4b71ee937-span-1"}
2026-02-20T06:47:36.457Z - UserError: {"query":{"measures":["Users.regularUserCount"],"timezone":"UTC"},"error":"Cube 'Users' not found for path 'Users.regularUserCount'","duration":34,"requestId":"e9bcca22-39fe-4d86-aeaa-03ee450af37b-span-1"}
2026-02-20T06:47:36.460Z - UserError: {"query":{"measures":["Users.managerCount"],"timezone":"UTC"},"error":"Cube 'Users' not found for path 'Users.managerCount'","duration":37,"requestId":"50da80e1-4310-4b7d-a2c2-d9218b633f56-span-1"}
2026-02-20T06:47:36.473Z - UserError: {"query":{"measures":["Schedules.count"],"timezone":"UTC"},"error":"Cube 'Schedules' not found for path 'Schedules.count'","duration":44,"requestId":"d7e4614c-d302-491f-94a5-20eafedafe13-span-1"}
2026-02-20T06:47:36.478Z - UserError: {"query":{"measures":["Schedules.activeCount"],"timezone":"UTC"},"error":"Cube 'Schedules' not found for path 'Schedules.activeCount'","duration":49,"requestId":"7b6ca896-bc09-4566-aeff-a540123ce000-span-1"}
2026-02-20T06:47:36.483Z - UserError: {"query":{"measures":["Schedules.count"],"dimensions":["Schedules.taskType"],"timezone":"UTC"},"error":"Cube 'Schedules' not found for path 'Schedules.count'","duration":51,"requestId":"0ec94baf-1534-4cea-9200-18a72db6f7aa-span-1"}
2026-02-20T06:47:36.522Z - UserError: {"query":{"measures":["Reports.count"],"timezone":"UTC"},"error":"Cube 'Reports' not found for path 'Reports.count'","duration":28,"requestId":"87565800-653a-46e8-9d2e-d0bd73a210c4-span-1"}
2026-02-20T06:47:36.555Z - UserError: {"query":{"measures":["Dashboards.count"],"timeDimensions":[{"dimension":"Dashboards.createdAt","granularity":"day","dateRange":"last 30 days"}],"timezone":"UTC"},"error":"Cube 'Dashboards' not found for path 'Dashboards.count'","duration":43,"requestId":"4c40f87c-eb19-4570-a9bc-b20427a392e7-span-1"}
2026-02-20T06:47:36.584Z - UserError: {"query":{"measures":["Users.count"],"timeDimensions":[{"dimension":"Users.createdAt","granularity":"day","dateRange":"last 30 days"}],"timezone":"UTC"},"error":"Cube 'Users' not found for path 'Users.count'","duration":48,"requestId":"f40bdf1b-b14d-4385-b488-3148d3575bae-span-1"}
2026-02-20T06:47:36.587Z - UserError: {"query":{"measures":["Users.adminCount"],"timezone":"UTC"},"error":"Cube 'Users' not found for path 'Users.adminCount'","duration":46,"requestId":"032ba0d3-b2c8-4ad5-84e7-176b37fd8701-span-1"}
2026-02-20T06:47:36.593Z - UserError: {"query":{"measures":["DataSources.count"],"timezone":"UTC"},"error":"Cube 'DataSources' not found for path 'DataSources.count'","duration":45,"requestId":"275d160a-77a1-4d47-88e8-e30f3d5c7f92-span-1"}
2026-02-20T06:47:36.596Z - UserError: {"query":{"measures":["DataSources.activeCount"],"timezone":"UTC"},"error":"Cube 'DataSources' not found for path 'DataSources.activeCount'","duration":46,"requestId":"ca13c473-f1b5-497c-8604-c8926c83b100-span-1"}
2026-02-20T06:47:36.601Z - UserError: {"query":{"measures":["Users.regularUserCount"],"timezone":"UTC"},"error":"Cube 'Users' not found for path 'Users.regularUserCount'","duration":42,"requestId":"39000d6b-707b-4cd4-85fb-9f2b802e6a70-span-1"}
2026-02-20T06:47:36.608Z - UserError: {"query":{"measures":["Users.managerCount"],"timezone":"UTC"},"error":"Cube 'Users' not found for path 'Users.managerCount'","duration":35,"requestId":"39ba4ed9-1a2e-41b1-8621-00817bf63a23-span-1"}
2026-02-20T06:47:36.661Z - UserError: {"query":{"measures":["Dashboards.count"],"timezone":"UTC"},"error":"Cube 'Dashboards' not found for path 'Dashboards.count'","duration":28,"requestId":"18613001-9a62-4a19-b9c4-f62c9c98d53d-span-1"}
2026-02-20T06:47:36.662Z - UserError: {"query":{"measures":["Schedules.count"],"timezone":"UTC"},"error":"Cube 'Schedules' not found for path 'Schedules.count'","duration":26,"requestId":"230f6a47-4e9d-4ace-bbc4-e6900c6c9e35-span-1"}
2026-02-20T06:47:36.667Z - UserError: {"query":{"measures":["Schedules.activeCount"],"timezone":"UTC"},"error":"Cube 'Schedules' not found for path 'Schedules.activeCount'","duration":28,"requestId":"54cf09c0-aaf7-4a81-8562-ba62de73c9cb-span-1"}
2026-02-20T06:47:36.669Z - UserError: {"query":{"measures":["Users.count"],"timezone":"UTC"},"error":"Cube 'Users' not found for path 'Users.count'","duration":26,"requestId":"3d81e4ef-e032-440c-81be-a76229707dfb-span-1"}
2026-02-20T06:47:36.671Z - UserError: {"query":{"measures":["Reports.count"],"timeDimensions":[{"dimension":"Reports.createdAt","granularity":"day","dateRange":"last 30 days"}],"timezone":"UTC"},"error":"Cube 'Reports' not found for path 'Reports.count'","duration":27,"requestId":"57c026e4-9558-4a7a-853a-604334d7c343-span-1"}
2026-02-20T06:47:36.674Z - UserError: {"query":{"measures":["DataSources.count"],"dimensions":["DataSources.type"],"timezone":"UTC"},"error":"Cube 'DataSources' not found for path 'DataSources.count'","duration":26,"requestId":"058f1f07-21b1-4dea-9e00-2bbdfdc80761-span-1"}
2026-02-20T06:47:36.709Z - UserError: {"query":{"measures":["Reports.count"],"timezone":"UTC"},"error":"Cube 'Reports' not found for path 'Reports.count'","duration":5,"requestId":"a398d423-deba-43f3-a84c-f2df10bcdf71-span-1"}
2026-02-20T06:47:36.712Z - UserError: {"query":{"measures":["Schedules.count"],"dimensions":["Schedules.taskType"],"timezone":"UTC"},"error":"Cube 'Schedules' not found for path 'Schedules.count'","duration":10,"requestId":"06acb068-ecc0-46f8-b079-55518646810a-span-1"}
2026-02-20T06:50:25.604Z - UserError: {"query":{"measures":["Reports.count"],"timezone":"UTC"},"error":"Cube 'Reports' not found for path 'Reports.count'","duration":8,"requestId":"e2477c4a-c3c2-4ee2-8741-7c6d6a69e9c3-span-1"}
2026-02-20T06:50:25.831Z - UserError: {"query":{"measures":["DataSources.count"],"timezone":"UTC"},"error":"Cube 'DataSources' not found for path 'DataSources.count'","duration":4,"requestId":"9a03740b-310c-43f3-a9c3-5cd24577dcfb-span-1"}
2026-02-20T06:50:25.839Z - UserError: {"query":{"measures":["DataSources.activeCount"],"timezone":"UTC"},"error":"Cube 'DataSources' not found for path 'DataSources.activeCount'","duration":4,"requestId":"7af9d170-16d2-4164-972f-5c16db8e93a1-span-1"}
2026-02-20T06:50:25.864Z - UserError: {"query":{"measures":["Dashboards.count"],"timezone":"UTC"},"error":"Cube 'Dashboards' not found for path 'Dashboards.count'","duration":21,"requestId":"955770ab-a00f-4eb7-ba60-2bc8fdc28494-span-1"}
2026-02-20T06:50:25.866Z - UserError: {"query":{"measures":["Reports.count"],"timezone":"UTC"},"error":"Cube 'Reports' not found for path 'Reports.count'","duration":19,"requestId":"17518588-a904-455d-9523-7636425cfa4f-span-1"}
2026-02-20T06:50:25.868Z - UserError: {"query":{"measures":["Users.count"],"timezone":"UTC"},"error":"Cube 'Users' not found for path 'Users.count'","duration":20,"requestId":"a2339905-5899-4126-9968-2af2babaca89-span-1"}
2026-02-20T06:50:25.870Z - UserError: {"query":{"measures":["Reports.count"],"timeDimensions":[{"dimension":"Reports.createdAt","granularity":"day","dateRange":"last 30 days"}],"timezone":"UTC"},"error":"Cube 'Reports' not found for path 'Reports.count'","duration":20,"requestId":"725b71ab-e4d5-469e-8644-26ed1e34a323-span-1"}
2026-02-20T06:50:25.872Z - UserError: {"query":{"measures":["DataSources.count"],"dimensions":["DataSources.type"],"timezone":"UTC"},"error":"Cube 'DataSources' not found for path 'DataSources.count'","duration":19,"requestId":"ad0b8a9a-31f0-4dbd-a75f-1f8210a03617-span-1"}
2026-02-20T06:50:25.874Z - UserError: {"query":{"measures":["Users.managerCount"],"timezone":"UTC"},"error":"Cube 'Users' not found for path 'Users.managerCount'","duration":18,"requestId":"a6dfb3c7-53ae-48c2-b07c-3a87858d82d2-span-1"}
2026-02-20T06:50:25.903Z - UserError: {"query":{"measures":["Users.regularUserCount"],"timezone":"UTC"},"error":"Cube 'Users' not found for path 'Users.regularUserCount'","duration":19,"requestId":"bad79c65-f831-427e-bceb-54508518f6c1-span-1"}
2026-02-20T06:50:25.905Z - UserError: {"query":{"measures":["Dashboards.count"],"timeDimensions":[{"dimension":"Dashboards.createdAt","granularity":"day","dateRange":"last 30 days"}],"timezone":"UTC"},"error":"Cube 'Dashboards' not found for path 'Dashboards.count'","duration":17,"requestId":"cfbc189a-b1ff-4abd-92d5-a7f45db9c277-span-1"}
2026-02-20T06:50:25.907Z - UserError: {"query":{"measures":["Schedules.count"],"timezone":"UTC"},"error":"Cube 'Schedules' not found for path 'Schedules.count'","duration":20,"requestId":"1455fb80-8f07-4561-ab84-d11638a06f9c-span-1"}
2026-02-20T06:50:25.909Z - UserError: {"query":{"measures":["Users.count"],"timeDimensions":[{"dimension":"Users.createdAt","granularity":"day","dateRange":"last 30 days"}],"timezone":"UTC"},"error":"Cube 'Users' not found for path 'Users.count'","duration":17,"requestId":"5ac81e06-ce24-49e9-9ac2-661a4b1f0454-span-1"}
2026-02-20T06:50:25.911Z - UserError: {"query":{"measures":["Users.adminCount"],"timezone":"UTC"},"error":"Cube 'Users' not found for path 'Users.adminCount'","duration":16,"requestId":"e05327ca-adc2-4e42-b568-b84f62566aac-span-1"}
2026-02-20T06:50:25.916Z - UserError: {"query":{"measures":["Schedules.activeCount"],"timezone":"UTC"},"error":"Cube 'Schedules' not found for path 'Schedules.activeCount'","duration":2,"requestId":"485b2b44-bed4-4865-96c3-8675adfb74b0-span-1"}
2026-02-20T06:50:25.965Z - UserError: {"query":{"measures":["Dashboards.count"],"timezone":"UTC"},"error":"Cube 'Dashboards' not found for path 'Dashboards.count'","duration":27,"requestId":"9f688f43-2d3f-4670-a0d2-cbda9da99c0d-span-1"}
2026-02-20T06:50:25.967Z - UserError: {"query":{"measures":["Users.count"],"timezone":"UTC"},"error":"Cube 'Users' not found for path 'Users.count'","duration":26,"requestId":"ff739549-c13e-4110-bd75-ad0225d91093-span-1"}
2026-02-20T06:50:25.971Z - UserError: {"query":{"measures":["Reports.count"],"timeDimensions":[{"dimension":"Reports.createdAt","granularity":"day","dateRange":"last 30 days"}],"timezone":"UTC"},"error":"Cube 'Reports' not found for path 'Reports.count'","duration":26,"requestId":"1f3d3bc5-c280-44b7-b989-73a14d8fb832-span-1"}
2026-02-20T06:50:25.972Z - UserError: {"query":{"measures":["DataSources.count"],"timezone":"UTC"},"error":"Cube 'DataSources' not found for path 'DataSources.count'","duration":20,"requestId":"a0059121-9105-41bb-8c94-4892c4cb90ef-span-1"}
2026-02-20T06:50:25.977Z - UserError: {"query":{"measures":["DataSources.activeCount"],"timezone":"UTC"},"error":"Cube 'DataSources' not found for path 'DataSources.activeCount'","duration":23,"requestId":"40ddbf58-4847-407e-b03f-dcefa64eb4fc-span-1"}
2026-02-20T06:50:25.982Z - UserError: {"query":{"measures":["Schedules.count"],"dimensions":["Schedules.taskType"],"timezone":"UTC"},"error":"Cube 'Schedules' not found for path 'Schedules.count'","duration":27,"requestId":"47807ae1-cd0c-493c-af88-39af0d6c4216-span-1"}
2026-02-20T06:50:26.056Z - UserError: {"query":{"measures":["DataSources.count"],"dimensions":["DataSources.type"],"timezone":"UTC"},"error":"Cube 'DataSources' not found for path 'DataSources.count'","duration":32,"requestId":"c3cc9d14-fa89-420f-a51d-ebf21b157f09-span-1"}
2026-02-20T06:50:26.062Z - UserError: {"query":{"measures":["Users.managerCount"],"timezone":"UTC"},"error":"Cube 'Users' not found for path 'Users.managerCount'","duration":34,"requestId":"9da7be02-5768-478c-bc21-d9e1ffb5b944-span-1"}
2026-02-20T06:50:26.068Z - UserError: {"query":{"measures":["Users.adminCount"],"timezone":"UTC"},"error":"Cube 'Users' not found for path 'Users.adminCount'","duration":36,"requestId":"193efff6-09bf-4c70-b7b5-775891b93d51-span-1"}
2026-02-20T06:50:26.071Z - UserError: {"query":{"measures":["Users.regularUserCount"],"timezone":"UTC"},"error":"Cube 'Users' not found for path 'Users.regularUserCount'","duration":37,"requestId":"1f9e2d65-80b6-4244-9d3b-aaa5ef99aca9-span-1"}
2026-02-20T06:50:26.077Z - UserError: {"query":{"measures":["Dashboards.count"],"timeDimensions":[{"dimension":"Dashboards.createdAt","granularity":"day","dateRange":"last 30 days"}],"timezone":"UTC"},"error":"Cube 'Dashboards' not found for path 'Dashboards.count'","duration":38,"requestId":"1b090597-76d1-4328-84fb-8150bcfd9367-span-1"}
2026-02-20T06:50:26.080Z - UserError: {"query":{"measures":["Users.count"],"timeDimensions":[{"dimension":"Users.createdAt","granularity":"day","dateRange":"last 30 days"}],"timezone":"UTC"},"error":"Cube 'Users' not found for path 'Users.count'","duration":38,"requestId":"c89c3b10-2530-4945-9e69-127618c9726e-span-1"}
2026-02-20T06:50:26.089Z - UserError: {"query":{"measures":["Schedules.count"],"timezone":"UTC"},"error":"Cube 'Schedules' not found for path 'Schedules.count'","duration":6,"requestId":"ae4a7b78-fef9-421a-8104-cce0e2fe1cc2-span-1"}
2026-02-20T06:50:26.091Z - UserError: {"query":{"measures":["Schedules.activeCount"],"timezone":"UTC"},"error":"Cube 'Schedules' not found for path 'Schedules.activeCount'","duration":5,"requestId":"391fc930-da97-4fb9-94df-3587dcfdd4c2-span-1"}
2026-02-20T06:50:26.127Z - UserError: {"query":{"measures":["Schedules.count"],"dimensions":["Schedules.taskType"],"timezone":"UTC"},"error":"Cube 'Schedules' not found for path 'Schedules.count'","duration":8,"requestId":"a46090a8-5ba4-4e24-910f-b3c141a64400-span-1"}
2026-02-20T06:50:54.515Z - UserError: {"query":{"measures":["Reports.count"],"timezone":"UTC"},"error":"Cube 'Reports' not found for path 'Reports.count'","duration":8,"requestId":"9044c472-6ee6-4f9d-afc9-02f0416f32cc-span-1"}
2026-02-20T06:50:54.664Z - UserError: {"query":{"measures":["DataSources.count"],"timezone":"UTC"},"error":"Cube 'DataSources' not found for path 'DataSources.count'","duration":12,"requestId":"5ef63de6-87c6-4729-84fc-425e08f1569e-span-1"}
2026-02-20T06:50:54.674Z - UserError: {"query":{"measures":["DataSources.activeCount"],"timezone":"UTC"},"error":"Cube 'DataSources' not found for path 'DataSources.activeCount'","duration":19,"requestId":"bc2299cd-206e-4fa6-a145-65186295c4a0-span-1"}
2026-02-20T06:50:54.676Z - UserError: {"query":{"measures":["Dashboards.count"],"timezone":"UTC"},"error":"Cube 'Dashboards' not found for path 'Dashboards.count'","duration":18,"requestId":"fd4d8425-e777-4134-abf7-cee9b4e7d51c-span-1"}
2026-02-20T06:50:54.686Z - UserError: {"query":{"measures":["Reports.count"],"timezone":"UTC"},"error":"Cube 'Reports' not found for path 'Reports.count'","duration":20,"requestId":"31c5bd92-f808-438a-8d39-2856034044af-span-1"}
2026-02-20T06:50:54.688Z - UserError: {"query":{"measures":["Reports.count"],"timeDimensions":[{"dimension":"Reports.createdAt","granularity":"day","dateRange":"last 30 days"}],"timezone":"UTC"},"error":"Cube 'Reports' not found for path 'Reports.count'","duration":20,"requestId":"6a63cc93-9979-4639-b2db-50438aa7ed5f-span-1"}
2026-02-20T06:50:54.691Z - UserError: {"query":{"measures":["Users.count"],"timezone":"UTC"},"error":"Cube 'Users' not found for path 'Users.count'","duration":20,"requestId":"4a487608-9704-429d-a8cd-3c4432d89160-span-1"}
2026-02-20T06:50:54.703Z - UserError: {"query":{"measures":["DataSources.count"],"dimensions":["DataSources.type"],"timezone":"UTC"},"error":"Cube 'DataSources' not found for path 'DataSources.count'","duration":4,"requestId":"d7a1de1d-5ade-4d99-9165-c6a4b0e4b012-span-1"}
2026-02-20T06:50:54.713Z - UserError: {"query":{"measures":["Dashboards.count"],"timeDimensions":[{"dimension":"Dashboards.createdAt","granularity":"day","dateRange":"last 30 days"}],"timezone":"UTC"},"error":"Cube 'Dashboards' not found for path 'Dashboards.count'","duration":5,"requestId":"aebc50a4-2340-41a7-8162-478530b1213f-span-1"}
2026-02-20T06:50:54.744Z - UserError: {"query":{"measures":["Users.count"],"timeDimensions":[{"dimension":"Users.createdAt","granularity":"day","dateRange":"last 30 days"}],"timezone":"UTC"},"error":"Cube 'Users' not found for path 'Users.count'","duration":28,"requestId":"cc76d53d-9ff2-460c-a67f-508036f85894-span-1"}
2026-02-20T06:50:54.750Z - UserError: {"query":{"measures":["Schedules.count"],"timezone":"UTC"},"error":"Cube 'Schedules' not found for path 'Schedules.count'","duration":26,"requestId":"306e7c15-8700-41b0-83d7-27f02e4a1f1e-span-1"}
2026-02-20T06:50:54.753Z - UserError: {"query":{"measures":["Users.managerCount"],"timezone":"UTC"},"error":"Cube 'Users' not found for path 'Users.managerCount'","duration":25,"requestId":"541f1ae6-48b4-4bf3-b290-6d03d6371615-span-1"}
2026-02-20T06:50:54.755Z - UserError: {"query":{"measures":["Users.adminCount"],"timezone":"UTC"},"error":"Cube 'Users' not found for path 'Users.adminCount'","duration":26,"requestId":"ee37fa04-092f-47c6-85ed-16f0920787c2-span-1"}
2026-02-20T06:50:54.756Z - UserError: {"query":{"measures":["Users.regularUserCount"],"timezone":"UTC"},"error":"Cube 'Users' not found for path 'Users.regularUserCount'","duration":23,"requestId":"dd72dd65-5905-4af8-bf16-fad9cd07ecce-span-1"}
2026-02-20T06:50:54.764Z - UserError: {"query":{"measures":["Schedules.activeCount"],"timezone":"UTC"},"error":"Cube 'Schedules' not found for path 'Schedules.activeCount'","duration":38,"requestId":"d93530f2-04c8-41e6-b5c2-3f3278002e6b-span-1"}
2026-02-20T06:50:54.819Z - UserError: {"query":{"measures":["DataSources.activeCount"],"timezone":"UTC"},"error":"Cube 'DataSources' not found for path 'DataSources.activeCount'","duration":18,"requestId":"1a6de8ff-0d6d-4bac-b3d0-30dad5d9491f-span-1"}
2026-02-20T06:50:54.823Z - UserError: {"query":{"measures":["Reports.count"],"timeDimensions":[{"dimension":"Reports.createdAt","granularity":"day","dateRange":"last 30 days"}],"timezone":"UTC"},"error":"Cube 'Reports' not found for path 'Reports.count'","duration":16,"requestId":"928f11dc-153e-4749-b80f-03e7cd5df3c5-span-1"}
2026-02-20T06:50:54.825Z - UserError: {"query":{"measures":["Dashboards.count"],"timezone":"UTC"},"error":"Cube 'Dashboards' not found for path 'Dashboards.count'","duration":19,"requestId":"5e46f8b2-5325-41d5-beee-20d267899029-span-1"}
2026-02-20T06:50:54.828Z - UserError: {"query":{"measures":["Users.count"],"timezone":"UTC"},"error":"Cube 'Users' not found for path 'Users.count'","duration":25,"requestId":"eefab21c-a690-4bab-8ba8-ed329fbb6f1d-span-1"}
2026-02-20T06:50:54.829Z - UserError: {"query":{"measures":["DataSources.count"],"timezone":"UTC"},"error":"Cube 'DataSources' not found for path 'DataSources.count'","duration":29,"requestId":"285b171e-70ad-476d-a55b-7d809d259f0c-span-1"}
2026-02-20T06:50:54.833Z - UserError: {"query":{"measures":["Schedules.count"],"dimensions":["Schedules.taskType"],"timezone":"UTC"},"error":"Cube 'Schedules' not found for path 'Schedules.count'","duration":37,"requestId":"ab2ab809-98dc-4b3b-9b9f-f1d9f13da367-span-1"}
2026-02-20T06:50:54.878Z - UserError: {"query":{"measures":["Users.count"],"timeDimensions":[{"dimension":"Users.createdAt","granularity":"day","dateRange":"last 30 days"}],"timezone":"UTC"},"error":"Cube 'Users' not found for path 'Users.count'","duration":20,"requestId":"17d6e63b-7e06-4399-b1f5-6925b97dc5a6-span-1"}
2026-02-20T06:50:54.879Z - UserError: {"query":{"measures":["Users.managerCount"],"timezone":"UTC"},"error":"Cube 'Users' not found for path 'Users.managerCount'","duration":20,"requestId":"1236a890-7b00-425f-b5c8-c91f9d9a256b-span-1"}
2026-02-20T06:50:54.882Z - UserError: {"query":{"measures":["Dashboards.count"],"timeDimensions":[{"dimension":"Dashboards.createdAt","granularity":"day","dateRange":"last 30 days"}],"timezone":"UTC"},"error":"Cube 'Dashboards' not found for path 'Dashboards.count'","duration":21,"requestId":"4f89d7e2-34a6-40b8-8c98-5f8b94f07377-span-1"}
2026-02-20T06:50:54.884Z - UserError: {"query":{"measures":["Users.regularUserCount"],"timezone":"UTC"},"error":"Cube 'Users' not found for path 'Users.regularUserCount'","duration":21,"requestId":"81bddb77-fbca-4f2b-888e-9829f374a28c-span-1"}
2026-02-20T06:50:54.887Z - UserError: {"query":{"measures":["DataSources.count"],"dimensions":["DataSources.type"],"timezone":"UTC"},"error":"Cube 'DataSources' not found for path 'DataSources.count'","duration":31,"requestId":"20aa944f-5f86-490a-a8d1-09cf2cc9da14-span-1"}
2026-02-20T06:50:54.890Z - UserError: {"query":{"measures":["Users.adminCount"],"timezone":"UTC"},"error":"Cube 'Users' not found for path 'Users.adminCount'","duration":24,"requestId":"7c43b1d9-6787-4ddb-a8c8-2c8553ebc6eb-span-1"}
2026-02-20T06:50:54.903Z - UserError: {"query":{"measures":["Schedules.count"],"timezone":"UTC"},"error":"Cube 'Schedules' not found for path 'Schedules.count'","duration":10,"requestId":"54ed7ffe-e31c-4fdf-9b13-09219ae3dec6-span-1"}
2026-02-20T06:50:54.904Z - UserError: {"query":{"measures":["Schedules.activeCount"],"timezone":"UTC"},"error":"Cube 'Schedules' not found for path 'Schedules.activeCount'","duration":9,"requestId":"4abe4f43-4562-4747-ba9e-541a7e00adeb-span-1"}
2026-02-20T06:50:54.906Z - UserError: {"query":{"measures":["Schedules.count"],"dimensions":["Schedules.taskType"],"timezone":"UTC"},"error":"Cube 'Schedules' not found for path 'Schedules.count'","duration":9,"requestId":"6e1d14dc-51b8-4c75-bcb8-12097edad51e-span-1"}
2026-02-20T06:51:50.806Z - UserError: {"query":{"measures":["Reports.count"],"timezone":"UTC"},"error":"Cube 'Reports' not found for path 'Reports.count'","duration":11,"requestId":"c8820103-a799-494c-b7d0-7e787d02f57c-span-1"}
2026-02-20T06:51:50.824Z - UserError: {"query":{"measures":["DataSources.count"],"timezone":"UTC"},"error":"Cube 'DataSources' not found for path 'DataSources.count'","duration":7,"requestId":"34248ff5-31ae-4cb1-8fe2-ac839964b2a5-span-1"}
2026-02-20T06:51:50.852Z - UserError: {"query":{"measures":["Dashboards.count"],"timezone":"UTC"},"error":"Cube 'Dashboards' not found for path 'Dashboards.count'","duration":3,"requestId":"2d86b848-f4d9-46bf-9788-e7ee9e5b3ab2-span-1"}
2026-02-20T06:51:50.882Z - UserError: {"query":{"measures":["Reports.count"],"timeDimensions":[{"dimension":"Reports.createdAt","granularity":"day","dateRange":"last 30 days"}],"timezone":"UTC"},"error":"Cube 'Reports' not found for path 'Reports.count'","duration":18,"requestId":"d346d51c-8ae9-49a2-8e88-6a1693e1c96b-span-1"}
2026-02-20T06:51:50.885Z - UserError: {"query":{"measures":["DataSources.activeCount"],"timezone":"UTC"},"error":"Cube 'DataSources' not found for path 'DataSources.activeCount'","duration":18,"requestId":"e3dbd77d-46e0-406d-8f4e-1ea0881a82fe-span-1"}
2026-02-20T06:51:50.891Z - UserError: {"query":{"measures":["Users.count"],"timezone":"UTC"},"error":"Cube 'Users' not found for path 'Users.count'","duration":19,"requestId":"20cea587-c53f-415e-8fb7-af99deae6de1-span-1"}
2026-02-20T06:51:50.894Z - UserError: {"query":{"measures":["DataSources.count"],"dimensions":["DataSources.type"],"timezone":"UTC"},"error":"Cube 'DataSources' not found for path 'DataSources.count'","duration":20,"requestId":"dec48d42-7277-4037-b51b-d6ce22f40350-span-1"}
2026-02-20T06:51:50.901Z - UserError: {"query":{"measures":["Dashboards.count"],"timeDimensions":[{"dimension":"Dashboards.createdAt","granularity":"day","dateRange":"last 30 days"}],"timezone":"UTC"},"error":"Cube 'Dashboards' not found for path 'Dashboards.count'","duration":25,"requestId":"f6467dae-400b-4ce8-9b23-9114b5d2affb-span-1"}
2026-02-20T06:51:50.903Z - UserError: {"query":{"measures":["Users.managerCount"],"timezone":"UTC"},"error":"Cube 'Users' not found for path 'Users.managerCount'","duration":25,"requestId":"7cca7c1e-aee8-44fb-814a-4d43d2c6089d-span-1"}
2026-02-20T06:51:50.963Z - UserError: {"query":{"measures":["Users.regularUserCount"],"timezone":"UTC"},"error":"Cube 'Users' not found for path 'Users.regularUserCount'","duration":22,"requestId":"01ea7029-6208-410b-ac72-f503a2e55160-span-1"}
2026-02-20T06:51:50.966Z - UserError: {"query":{"measures":["Users.adminCount"],"timezone":"UTC"},"error":"Cube 'Users' not found for path 'Users.adminCount'","duration":26,"requestId":"f0f6ed4b-79cf-44a2-83bd-7a49a681d8de-span-1"}
2026-02-20T06:51:50.969Z - UserError: {"query":{"measures":["Schedules.count"],"timezone":"UTC"},"error":"Cube 'Schedules' not found for path 'Schedules.count'","duration":24,"requestId":"50cd6a78-7b77-40bc-9296-24275e09db1b-span-1"}
2026-02-20T06:51:50.972Z - UserError: {"query":{"measures":["Users.count"],"timeDimensions":[{"dimension":"Users.createdAt","granularity":"day","dateRange":"last 30 days"}],"timezone":"UTC"},"error":"Cube 'Users' not found for path 'Users.count'","duration":34,"requestId":"e87ab808-e4d6-48f6-95da-158230b09c65-span-1"}
2026-02-20T06:51:50.974Z - UserError: {"query":{"measures":["Schedules.activeCount"],"timezone":"UTC"},"error":"Cube 'Schedules' not found for path 'Schedules.activeCount'","duration":27,"requestId":"56e1a063-2e4c-4c9b-a053-0ea46dea9943-span-1"}
2026-02-20T06:51:50.977Z - UserError: {"query":{"measures":["Schedules.count"],"dimensions":["Schedules.taskType"],"timezone":"UTC"},"error":"Cube 'Schedules' not found for path 'Schedules.count'","duration":28,"requestId":"1937eec5-3c49-4e6d-94ab-992d197ef3dd-span-1"}
2026-02-20T06:51:51.017Z - UserError: {"query":{"measures":["Reports.count"],"timezone":"UTC"},"error":"Cube 'Reports' not found for path 'Reports.count'","duration":26,"requestId":"f470138a-7431-45aa-832c-6a170279ef84-span-1"}
2026-02-20T06:51:51.020Z - UserError: {"query":{"measures":["DataSources.count"],"timezone":"UTC"},"error":"Cube 'DataSources' not found for path 'DataSources.count'","duration":28,"requestId":"c8a7e148-3324-4bcb-b608-ba638805432b-span-1"}
2026-02-20T06:51:51.024Z - UserError: {"query":{"measures":["Dashboards.count"],"timezone":"UTC"},"error":"Cube 'Dashboards' not found for path 'Dashboards.count'","duration":30,"requestId":"413bf68d-e208-4d26-8b67-a19b54896b77-span-1"}
2026-02-20T06:51:51.026Z - UserError: {"query":{"measures":["DataSources.activeCount"],"timezone":"UTC"},"error":"Cube 'DataSources' not found for path 'DataSources.activeCount'","duration":27,"requestId":"a2472de4-23ca-4234-9bd3-7a135ff39c78-span-1"}
2026-02-20T06:51:51.027Z - UserError: {"query":{"measures":["Users.count"],"timezone":"UTC"},"error":"Cube 'Users' not found for path 'Users.count'","duration":26,"requestId":"99e5efac-c3f7-4fdc-8da5-5d11e826b9bc-span-1"}
2026-02-20T06:51:51.032Z - UserError: {"query":{"measures":["Reports.count"],"timeDimensions":[{"dimension":"Reports.createdAt","granularity":"day","dateRange":"last 30 days"}],"timezone":"UTC"},"error":"Cube 'Reports' not found for path 'Reports.count'","duration":30,"requestId":"8a0caff9-5760-49f6-9a6d-43166d3eb190-span-1"}
2026-02-20T06:51:51.057Z - UserError: {"query":{"measures":["DataSources.count"],"dimensions":["DataSources.type"],"timezone":"UTC"},"error":"Cube 'DataSources' not found for path 'DataSources.count'","duration":17,"requestId":"b6701670-8532-4be8-aca5-a471d2400325-span-1"}
2026-02-20T06:51:51.060Z - UserError: {"query":{"measures":["Dashboards.count"],"timeDimensions":[{"dimension":"Dashboards.createdAt","granularity":"day","dateRange":"last 30 days"}],"timezone":"UTC"},"error":"Cube 'Dashboards' not found for path 'Dashboards.count'","duration":18,"requestId":"2121ccb1-2747-40a6-a0fe-d824fe06156b-span-1"}
2026-02-20T06:51:51.068Z - UserError: {"query":{"measures":["Users.count"],"timeDimensions":[{"dimension":"Users.createdAt","granularity":"day","dateRange":"last 30 days"}],"timezone":"UTC"},"error":"Cube 'Users' not found for path 'Users.count'","duration":19,"requestId":"360b2479-38c3-4553-b1a8-fae52e31f262-span-1"}
2026-02-20T06:51:51.071Z - UserError: {"query":{"measures":["Users.managerCount"],"timezone":"UTC"},"error":"Cube 'Users' not found for path 'Users.managerCount'","duration":25,"requestId":"c9fccdf7-3788-4b27-bd91-d4fa5ec0fa93-span-1"}
2026-02-20T06:51:51.074Z - UserError: {"query":{"measures":["Users.adminCount"],"timezone":"UTC"},"error":"Cube 'Users' not found for path 'Users.adminCount'","duration":23,"requestId":"00302137-c764-4566-9eb1-87ce3bbe7afc-span-1"}
2026-02-20T06:51:51.076Z - UserError: {"query":{"measures":["Users.regularUserCount"],"timezone":"UTC"},"error":"Cube 'Users' not found for path 'Users.regularUserCount'","duration":22,"requestId":"6676eb47-3d8f-4a1b-b91a-6058b062bd10-span-1"}
2026-02-20T06:51:51.079Z - UserError: {"query":{"measures":["Schedules.count"],"timezone":"UTC"},"error":"Cube 'Schedules' not found for path 'Schedules.count'","duration":16,"requestId":"0df4b570-053f-46bf-959c-7c26e4b9cda2-span-1"}
2026-02-20T06:51:51.087Z - UserError: {"query":{"measures":["Schedules.activeCount"],"timezone":"UTC"},"error":"Cube 'Schedules' not found for path 'Schedules.activeCount'","duration":13,"requestId":"e135e432-893c-46ea-9b6a-4560ed85ecb8-span-1"}
2026-02-20T06:51:51.090Z - UserError: {"query":{"measures":["Schedules.count"],"dimensions":["Schedules.taskType"],"timezone":"UTC"},"error":"Cube 'Schedules' not found for path 'Schedules.count'","duration":6,"requestId":"38513d37-d03a-4732-a1f5-1e268ff1c7c7-span-1"}
2026-02-20T06:53:36.576Z - Compiling schema: {"version":"default_schema_version_d751713988987e9331980363e24189ce"}
2026-02-20T06:53:36.597Z - Compiling schema completed: {"version":"default_schema_version_d751713988987e9331980363e24189ce","duration":20}
2026-02-20T06:55:32.531Z - Compiling schema: {"version":"default_schema_version_d751713988987e9331980363e24189ce","requestId":"62c8db51-44ea-48b8-a5e2-b2699810abcd-span-1"}
2026-02-20T06:55:32.555Z - Compiling schema completed: {"version":"default_schema_version_d751713988987e9331980363e24189ce","requestId":"62c8db51-44ea-48b8-a5e2-b2699810abcd-span-1","duration":23}
2026-02-20T06:58:18.549Z - Compiling schema: {"version":"default_schema_version_d751713988987e9331980363e24189ce"}
2026-02-20T06:58:18.563Z - Compiling schema completed: {"version":"default_schema_version_d751713988987e9331980363e24189ce","duration":15}
2026-02-20T06:59:18.329Z - Compiling schema: {"version":"default_schema_version_d751713988987e9331980363e24189ce"}
2026-02-20T06:59:18.340Z - Compiling schema completed: {"version":"default_schema_version_d751713988987e9331980363e24189ce","duration":12}
2026-02-20T07:00:20.152Z - Compiling schema: {"version":"default_schema_version_d751713988987e9331980363e24189ce"}
2026-02-20T07:00:20.169Z - Compiling schema completed: {"version":"default_schema_version_d751713988987e9331980363e24189ce","duration":18}
2026-02-20T07:04:49.702Z - Compiling schema: {"version":"default_schema_version_62e64af4ed74402850fe70d580919b4f"}
2026-02-20T07:04:50.590Z - Compiling schema completed: {"version":"default_schema_version_62e64af4ed74402850fe70d580919b4f","duration":889}
2026-02-20T07:15:36.408Z - Compiling schema: {"version":"default_schema_version_62e64af4ed74402850fe70d580919b4f"}
2026-02-20T07:15:39.035Z - Compiling schema completed: {"version":"default_schema_version_62e64af4ed74402850fe70d580919b4f","duration":2627}
2026-02-20T07:15:43.260Z - Error while querying: {"queueId":11,"processingId":11,"queueSize":1,"duration":36,"queryKey":["SELECT\n      date_trunc('day', (\"reports\".createdAt::timestamptz AT TIME ZONE 'UTC')) \"reports__created_at_day\", count(\"reports\".id) \"reports__count\"\n    FROM\n      reports AS \"reports\"  WHERE (\"reports\".createdAt >= $1::timestamptz AND \"reports\".createdAt <= $2::timestamptz) GROUP BY 1 ORDER BY 1 ASC LIMIT 10000",["2026-01-21T00:00:00.000Z","2026-02-19T23:59:59.999Z"],[]],"queuePrefix":"SQL_QUERY_STANDALONE_default","requestId":"c7f196e8-22a3-456e-a2e2-1545f40b78ae-span-1","timeInQueue":66,"addedToQueueTime":1771571743141,"error":"error: column reports.createdat does not exist\n    at /app/node_modules/pg/lib/client.js:624:17\n    at processTicksAndRejections (node:internal/process/task_queues:95:5)\n    at PostgresDriver.queryResponse (/app/node_modules/@cubejs-backend/postgres-driver/src/PostgresDriver.ts:348:19)\n    at PostgresDriver.query (/app/node_modules/@cubejs-backend/postgres-driver/src/PostgresDriver.ts:371:20)\n    at Object.query (/app/node_modules/@cubejs-backend/query-orchestrator/src/orchestrator/QueryCache.ts:639:26)\n    at QueryQueue.processQuery (/app/node_modules/@cubejs-backend/query-orchestrator/src/orchestrator/QueryQueue.ts:798:25)"}
2026-02-20T07:15:43.265Z - Error while renew cycle: {"query":"SELECT\n      date_trunc('day', (\"reports\".createdAt::timestamptz AT TIME ZONE 'UTC')) \"reports__created_at_day\", count(\"reports\".id) \"reports__count\"\n    FROM\n      reports AS \"reports\"  WHERE (\"reports\".createdAt >= $1::timestamptz AND \"reports\".createdAt <= $2::timestamptz) GROUP BY 1 ORDER BY 1 ASC LIMIT 10000","query_values":["2026-01-21T00:00:00.000Z","2026-02-19T23:59:59.999Z"],"error":"Error: column reports.createdat does not exist\n    at QueryQueue.parseResult (/app/node_modules/@cubejs-backend/query-orchestrator/src/orchestrator/QueryQueue.ts:384:13)\n    at QueryQueue.executeInQueue (/app/node_modules/@cubejs-backend/query-orchestrator/src/orchestrator/QueryQueue.ts:361:19)\n    at processTicksAndRejections (node:internal/process/task_queues:95:5)\n    at /app/node_modules/@cubejs-backend/query-orchestrator/src/orchestrator/QueryCache.ts:800:17","requestId":"c7f196e8-22a3-456e-a2e2-1545f40b78ae-span-1"}
2026-02-20T07:15:43.266Z - Error querying db: {"query":"SELECT date_trunc('day', (\"reports\".createdAt::timestamptz AT TIME ZONE 'UTC')) \"reports__created_at_day\", count(\"reports\".id) \"reports__count\" FROM reports AS \"reports\" WHERE (\"reports\".createdAt >= $1::timestamptz AND \"reports\".createdAt <= $2::timestamptz) GROUP BY 1 ORDER BY 1 ASC LIMIT 10000","params":["2026-01-21T00:00:00.000Z","2026-02-19T23:59:59.999Z"],"error":"Error: column reports.createdat does not exist\n    at QueryQueue.parseResult (/app/node_modules/@cubejs-backend/query-orchestrator/src/orchestrator/QueryQueue.ts:384:13)\n    at QueryQueue.executeInQueue (/app/node_modules/@cubejs-backend/query-orchestrator/src/orchestrator/QueryQueue.ts:361:19)\n    at processTicksAndRejections (node:internal/process/task_queues:95:5)\n    at /app/node_modules/@cubejs-backend/query-orchestrator/src/orchestrator/QueryCache.ts:800:17\n    at QueryOrchestrator.fetchQuery (/app/node_modules/@cubejs-backend/query-orchestrator/src/orchestrator/QueryOrchestrator.ts:267:20)\n    at OrchestratorApi.executeQuery (/app/node_modules/@cubejs-backend/server-core/src/core/OrchestratorApi.ts:98:20)\n    at /app/node_modules/@cubejs-backend/api-gateway/src/gateway.ts:1715:21\n    at async Promise.all (index 0)\n    at ApiGateway.getSqlResponseInternal (/app/node_modules/@cubejs-backend/api-gateway/src/gateway.ts:1713:31)\n    at /app/node_modules/@cubejs-backend/api-gateway/src/gateway.ts:1918:28","requestId":"c7f196e8-22a3-456e-a2e2-1545f40b78ae-span-1"}
2026-02-20T07:15:43.267Z - Orchestrator error: {"query":{"measures":["Reports.count"],"timeDimensions":[{"dimension":"Reports.createdAt","granularity":"day","dateRange":"last 30 days"}],"timezone":"UTC"},"error":"Error: column reports.createdat does not exist","duration":403,"securityContext":{"id":1,"email":"admin@example.com","roles":["ADMIN"],"permissions":["VIEW_REPORTS","MANAGE_USERS","MANAGE_ROLES","MANAGE_MODULES","VIEW_DASHBOARD","VIEW_DATA_SOURCES","VIEW_SCHEDULES","VIEW_LLM","VIEW_CHAT","VIEW_AI_INSIGHTS"],"iat":1771570048,"exp":1771573648},"requestId":"c7f196e8-22a3-456e-a2e2-1545f40b78ae-span-1"}
2026-02-20T07:15:43.288Z - Error while querying: {"queueId":15,"processingId":15,"queueSize":0,"duration":23,"queryKey":["SELECT\n      date_trunc('day', (\"dashboards\".createdAt::timestamptz AT TIME ZONE 'UTC')) \"dashboards__created_at_day\", count(\"dashboards\".id) \"dashboards__count\"\n    FROM\n      dashboards AS \"dashboards\"  WHERE (\"dashboards\".createdAt >= $1::timestamptz AND \"dashboards\".createdAt <= $2::timestamptz) GROUP BY 1 ORDER BY 1 ASC LIMIT 10000",["2026-01-21T00:00:00.000Z","2026-02-19T23:59:59.999Z"],[]],"queuePrefix":"SQL_QUERY_STANDALONE_default","requestId":"1fe6f739-77bd-472c-807a-d9b65b59be05-span-1","timeInQueue":35,"addedToQueueTime":1771571743229,"error":"error: column dashboards.createdat does not exist\n    at /app/node_modules/pg/lib/client.js:624:17\n    at processTicksAndRejections (node:internal/process/task_queues:95:5)\n    at PostgresDriver.queryResponse (/app/node_modules/@cubejs-backend/postgres-driver/src/PostgresDriver.ts:348:19)\n    at PostgresDriver.query (/app/node_modules/@cubejs-backend/postgres-driver/src/PostgresDriver.ts:371:20)\n    at Object.query (/app/node_modules/@cubejs-backend/query-orchestrator/src/orchestrator/QueryCache.ts:639:26)\n    at QueryQueue.processQuery (/app/node_modules/@cubejs-backend/query-orchestrator/src/orchestrator/QueryQueue.ts:798:25)"}
2026-02-20T07:15:43.289Z - Error while renew cycle: {"query":"SELECT\n      date_trunc('day', (\"dashboards\".createdAt::timestamptz AT TIME ZONE 'UTC')) \"dashboards__created_at_day\", count(\"dashboards\".id) \"dashboards__count\"\n    FROM\n      dashboards AS \"dashboards\"  WHERE (\"dashboards\".createdAt >= $1::timestamptz AND \"dashboards\".createdAt <= $2::timestamptz) GROUP BY 1 ORDER BY 1 ASC LIMIT 10000","query_values":["2026-01-21T00:00:00.000Z","2026-02-19T23:59:59.999Z"],"error":"Error: column dashboards.createdat does not exist\n    at QueryQueue.parseResult (/app/node_modules/@cubejs-backend/query-orchestrator/src/orchestrator/QueryQueue.ts:384:13)\n    at QueryQueue.executeInQueue (/app/node_modules/@cubejs-backend/query-orchestrator/src/orchestrator/QueryQueue.ts:361:19)\n    at processTicksAndRejections (node:internal/process/task_queues:95:5)\n    at /app/node_modules/@cubejs-backend/query-orchestrator/src/orchestrator/QueryCache.ts:800:17","requestId":"1fe6f739-77bd-472c-807a-d9b65b59be05-span-1"}
2026-02-20T07:15:43.290Z - Error querying db: {"query":"SELECT date_trunc('day', (\"dashboards\".createdAt::timestamptz AT TIME ZONE 'UTC')) \"dashboards__created_at_day\", count(\"dashboards\".id) \"dashboards__count\" FROM dashboards AS \"dashboards\" WHERE (\"dashboards\".createdAt >= $1::timestamptz AND \"dashboards\".createdAt <= $2::timestamptz) GROUP BY 1 ORDER BY 1 ASC LIMIT 10000","params":["2026-01-21T00:00:00.000Z","2026-02-19T23:59:59.999Z"],"error":"Error: column dashboards.createdat does not exist\n    at QueryQueue.parseResult (/app/node_modules/@cubejs-backend/query-orchestrator/src/orchestrator/QueryQueue.ts:384:13)\n    at QueryQueue.executeInQueue (/app/node_modules/@cubejs-backend/query-orchestrator/src/orchestrator/QueryQueue.ts:361:19)\n    at processTicksAndRejections (node:internal/process/task_queues:95:5)\n    at /app/node_modules/@cubejs-backend/query-orchestrator/src/orchestrator/QueryCache.ts:800:17\n    at QueryOrchestrator.fetchQuery (/app/node_modules/@cubejs-backend/query-orchestrator/src/orchestrator/QueryOrchestrator.ts:267:20)\n    at OrchestratorApi.executeQuery (/app/node_modules/@cubejs-backend/server-core/src/core/OrchestratorApi.ts:98:20)\n    at /app/node_modules/@cubejs-backend/api-gateway/src/gateway.ts:1715:21\n    at async Promise.all (index 0)\n    at ApiGateway.getSqlResponseInternal (/app/node_modules/@cubejs-backend/api-gateway/src/gateway.ts:1713:31)\n    at /app/node_modules/@cubejs-backend/api-gateway/src/gateway.ts:1918:28","requestId":"1fe6f739-77bd-472c-807a-d9b65b59be05-span-1"}
2026-02-20T07:15:43.291Z - Orchestrator error: {"query":{"measures":["Dashboards.count"],"timeDimensions":[{"dimension":"Dashboards.createdAt","granularity":"day","dateRange":"last 30 days"}],"timezone":"UTC"},"error":"Error: column dashboards.createdat does not exist","duration":122,"securityContext":{"id":1,"email":"admin@example.com","roles":["ADMIN"],"permissions":["VIEW_REPORTS","MANAGE_USERS","MANAGE_ROLES","MANAGE_MODULES","VIEW_DASHBOARD","VIEW_DATA_SOURCES","VIEW_SCHEDULES","VIEW_LLM","VIEW_CHAT","VIEW_AI_INSIGHTS"],"iat":1771570048,"exp":1771573648},"requestId":"1fe6f739-77bd-472c-807a-d9b65b59be05-span-1"}
2026-02-20T07:15:43.368Z - Error while querying: {"queueId":17,"processingId":17,"queueSize":0,"duration":24,"queryKey":["SELECT\n      date_trunc('day', (\"users\".createdAt::timestamptz AT TIME ZONE 'UTC')) \"users__created_at_day\", count(\"users\".id) \"users__count\"\n    FROM\n      users AS \"users\"  WHERE (\"users\".createdAt >= $1::timestamptz AND \"users\".createdAt <= $2::timestamptz) GROUP BY 1 ORDER BY 1 ASC LIMIT 10000",["2026-01-21T00:00:00.000Z","2026-02-19T23:59:59.999Z"],[]],"queuePrefix":"SQL_QUERY_STANDALONE_default","requestId":"12aa14a8-4114-49df-8c59-5d0fed2f4c1e-span-1","timeInQueue":0,"addedToQueueTime":1771571743343,"error":"error: column users.createdat does not exist\n    at /app/node_modules/pg/lib/client.js:624:17\n    at processTicksAndRejections (node:internal/process/task_queues:95:5)\n    at PostgresDriver.queryResponse (/app/node_modules/@cubejs-backend/postgres-driver/src/PostgresDriver.ts:348:19)\n    at PostgresDriver.query (/app/node_modules/@cubejs-backend/postgres-driver/src/PostgresDriver.ts:371:20)\n    at Object.query (/app/node_modules/@cubejs-backend/query-orchestrator/src/orchestrator/QueryCache.ts:639:26)\n    at QueryQueue.processQuery (/app/node_modules/@cubejs-backend/query-orchestrator/src/orchestrator/QueryQueue.ts:798:25)"}
2026-02-20T07:15:43.369Z - Error while renew cycle: {"query":"SELECT\n      date_trunc('day', (\"users\".createdAt::timestamptz AT TIME ZONE 'UTC')) \"users__created_at_day\", count(\"users\".id) \"users__count\"\n    FROM\n      users AS \"users\"  WHERE (\"users\".createdAt >= $1::timestamptz AND \"users\".createdAt <= $2::timestamptz) GROUP BY 1 ORDER BY 1 ASC LIMIT 10000","query_values":["2026-01-21T00:00:00.000Z","2026-02-19T23:59:59.999Z"],"error":"Error: column users.createdat does not exist\n    at QueryQueue.parseResult (/app/node_modules/@cubejs-backend/query-orchestrator/src/orchestrator/QueryQueue.ts:384:13)\n    at QueryQueue.executeInQueue (/app/node_modules/@cubejs-backend/query-orchestrator/src/orchestrator/QueryQueue.ts:361:19)\n    at processTicksAndRejections (node:internal/process/task_queues:95:5)\n    at /app/node_modules/@cubejs-backend/query-orchestrator/src/orchestrator/QueryCache.ts:800:17","requestId":"12aa14a8-4114-49df-8c59-5d0fed2f4c1e-span-1"}
2026-02-20T07:15:43.369Z - Error querying db: {"query":"SELECT date_trunc('day', (\"users\".createdAt::timestamptz AT TIME ZONE 'UTC')) \"users__created_at_day\", count(\"users\".id) \"users__count\" FROM users AS \"users\" WHERE (\"users\".createdAt >= $1::timestamptz AND \"users\".createdAt <= $2::timestamptz) GROUP BY 1 ORDER BY 1 ASC LIMIT 10000","params":["2026-01-21T00:00:00.000Z","2026-02-19T23:59:59.999Z"],"error":"Error: column users.createdat does not exist\n    at QueryQueue.parseResult (/app/node_modules/@cubejs-backend/query-orchestrator/src/orchestrator/QueryQueue.ts:384:13)\n    at QueryQueue.executeInQueue (/app/node_modules/@cubejs-backend/query-orchestrator/src/orchestrator/QueryQueue.ts:361:19)\n    at processTicksAndRejections (node:internal/process/task_queues:95:5)\n    at /app/node_modules/@cubejs-backend/query-orchestrator/src/orchestrator/QueryCache.ts:800:17\n    at QueryOrchestrator.fetchQuery (/app/node_modules/@cubejs-backend/query-orchestrator/src/orchestrator/QueryOrchestrator.ts:267:20)\n    at OrchestratorApi.executeQuery (/app/node_modules/@cubejs-backend/server-core/src/core/OrchestratorApi.ts:98:20)\n    at /app/node_modules/@cubejs-backend/api-gateway/src/gateway.ts:1715:21\n    at async Promise.all (index 0)\n    at ApiGateway.getSqlResponseInternal (/app/node_modules/@cubejs-backend/api-gateway/src/gateway.ts:1713:31)\n    at /app/node_modules/@cubejs-backend/api-gateway/src/gateway.ts:1918:28","requestId":"12aa14a8-4114-49df-8c59-5d0fed2f4c1e-span-1"}
2026-02-20T07:15:43.370Z - Orchestrator error: {"query":{"measures":["Users.count"],"timeDimensions":[{"dimension":"Users.createdAt","granularity":"day","dateRange":"last 30 days"}],"timezone":"UTC"},"error":"Error: column users.createdat does not exist","duration":138,"securityContext":{"id":1,"email":"admin@example.com","roles":["ADMIN"],"permissions":["VIEW_REPORTS","MANAGE_USERS","MANAGE_ROLES","MANAGE_MODULES","VIEW_DASHBOARD","VIEW_DATA_SOURCES","VIEW_SCHEDULES","VIEW_LLM","VIEW_CHAT","VIEW_AI_INSIGHTS"],"iat":1771570048,"exp":1771573648},"requestId":"12aa14a8-4114-49df-8c59-5d0fed2f4c1e-span-1"}
2026-02-20T07:15:43.772Z - Error while querying: {"queueId":29,"processingId":29,"queueSize":0,"duration":259,"queryKey":["SELECT\n      \"schedules\".taskType \"schedules__task_type\", count(\"schedules\".id) \"schedules__count\"\n    FROM\n      schedules AS \"schedules\"  GROUP BY 1 ORDER BY 2 DESC LIMIT 10000",[],[]],"queuePrefix":"SQL_QUERY_STANDALONE_default","requestId":"2604820d-1052-4426-b470-39b06ebfbfea-span-1","timeInQueue":1,"addedToQueueTime":1771571743511,"error":"error: column schedules.tasktype does not exist\n    at /app/node_modules/pg/lib/client.js:624:17\n    at processTicksAndRejections (node:internal/process/task_queues:95:5)\n    at PostgresDriver.queryResponse (/app/node_modules/@cubejs-backend/postgres-driver/src/PostgresDriver.ts:348:19)\n    at PostgresDriver.query (/app/node_modules/@cubejs-backend/postgres-driver/src/PostgresDriver.ts:371:20)\n    at Object.query (/app/node_modules/@cubejs-backend/query-orchestrator/src/orchestrator/QueryCache.ts:639:26)\n    at QueryQueue.processQuery (/app/node_modules/@cubejs-backend/query-orchestrator/src/orchestrator/QueryQueue.ts:798:25)"}
2026-02-20T07:15:43.775Z - Error while renew cycle: {"query":"SELECT\n      \"schedules\".taskType \"schedules__task_type\", count(\"schedules\".id) \"schedules__count\"\n    FROM\n      schedules AS \"schedules\"  GROUP BY 1 ORDER BY 2 DESC LIMIT 10000","query_values":[],"error":"Error: column schedules.tasktype does not exist\n    at QueryQueue.parseResult (/app/node_modules/@cubejs-backend/query-orchestrator/src/orchestrator/QueryQueue.ts:384:13)\n    at QueryQueue.executeInQueue (/app/node_modules/@cubejs-backend/query-orchestrator/src/orchestrator/QueryQueue.ts:361:19)\n    at processTicksAndRejections (node:internal/process/task_queues:95:5)\n    at /app/node_modules/@cubejs-backend/query-orchestrator/src/orchestrator/QueryCache.ts:800:17","requestId":"2604820d-1052-4426-b470-39b06ebfbfea-span-1"}
2026-02-20T07:15:43.776Z - Error querying db: {"query":"SELECT \"schedules\".taskType \"schedules__task_type\", count(\"schedules\".id) \"schedules__count\" FROM schedules AS \"schedules\" GROUP BY 1 ORDER BY 2 DESC LIMIT 10000","params":[],"error":"Error: column schedules.tasktype does not exist\n    at QueryQueue.parseResult (/app/node_modules/@cubejs-backend/query-orchestrator/src/orchestrator/QueryQueue.ts:384:13)\n    at QueryQueue.executeInQueue (/app/node_modules/@cubejs-backend/query-orchestrator/src/orchestrator/QueryQueue.ts:361:19)\n    at processTicksAndRejections (node:internal/process/task_queues:95:5)\n    at /app/node_modules/@cubejs-backend/query-orchestrator/src/orchestrator/QueryCache.ts:800:17\n    at QueryOrchestrator.fetchQuery (/app/node_modules/@cubejs-backend/query-orchestrator/src/orchestrator/QueryOrchestrator.ts:267:20)\n    at OrchestratorApi.executeQuery (/app/node_modules/@cubejs-backend/server-core/src/core/OrchestratorApi.ts:98:20)\n    at /app/node_modules/@cubejs-backend/api-gateway/src/gateway.ts:1715:21\n    at async Promise.all (index 0)\n    at ApiGateway.getSqlResponseInternal (/app/node_modules/@cubejs-backend/api-gateway/src/gateway.ts:1713:31)\n    at /app/node_modules/@cubejs-backend/api-gateway/src/gateway.ts:1918:28","requestId":"2604820d-1052-4426-b470-39b06ebfbfea-span-1"}
2026-02-20T07:15:43.776Z - Orchestrator error: {"query":{"measures":["Schedules.count"],"dimensions":["Schedules.taskType"],"timezone":"UTC"},"error":"Error: column schedules.tasktype does not exist","duration":375,"securityContext":{"id":1,"email":"admin@example.com","roles":["ADMIN"],"permissions":["VIEW_REPORTS","MANAGE_USERS","MANAGE_ROLES","MANAGE_MODULES","VIEW_DASHBOARD","VIEW_DATA_SOURCES","VIEW_SCHEDULES","VIEW_LLM","VIEW_CHAT","VIEW_AI_INSIGHTS"],"iat":1771570048,"exp":1771573648},"requestId":"2604820d-1052-4426-b470-39b06ebfbfea-span-1"}
2026-02-20T07:15:43.778Z - Error while querying: {"queueId":27,"processingId":27,"queueSize":0,"duration":332,"queryKey":["SELECT\n      count(CASE WHEN (\"schedules\".isActive = 1) THEN \"schedules\".id END) \"schedules__active_count\"\n    FROM\n      schedules AS \"schedules\"  LIMIT 10000",[],[]],"queuePrefix":"SQL_QUERY_STANDALONE_default","requestId":"f80b8c46-9a67-44a0-acb4-38bf03a187f9-span-1","timeInQueue":0,"addedToQueueTime":1771571743445,"error":"error: column schedules.isactive does not exist\n    at /app/node_modules/pg/lib/client.js:624:17\n    at processTicksAndRejections (node:internal/process/task_queues:95:5)\n    at PostgresDriver.queryResponse (/app/node_modules/@cubejs-backend/postgres-driver/src/PostgresDriver.ts:348:19)\n    at PostgresDriver.query (/app/node_modules/@cubejs-backend/postgres-driver/src/PostgresDriver.ts:371:20)\n    at Object.query (/app/node_modules/@cubejs-backend/query-orchestrator/src/orchestrator/QueryCache.ts:639:26)\n    at QueryQueue.processQuery (/app/node_modules/@cubejs-backend/query-orchestrator/src/orchestrator/QueryQueue.ts:798:25)"}
2026-02-20T07:15:43.779Z - Error while renew cycle: {"query":"SELECT\n      count(CASE WHEN (\"schedules\".isActive = 1) THEN \"schedules\".id END) \"schedules__active_count\"\n    FROM\n      schedules AS \"schedules\"  LIMIT 10000","query_values":[],"error":"Error: column schedules.isactive does not exist\n    at QueryQueue.parseResult (/app/node_modules/@cubejs-backend/query-orchestrator/src/orchestrator/QueryQueue.ts:384:13)\n    at QueryQueue.executeInQueue (/app/node_modules/@cubejs-backend/query-orchestrator/src/orchestrator/QueryQueue.ts:361:19)\n    at processTicksAndRejections (node:internal/process/task_queues:95:5)\n    at /app/node_modules/@cubejs-backend/query-orchestrator/src/orchestrator/QueryCache.ts:800:17","requestId":"f80b8c46-9a67-44a0-acb4-38bf03a187f9-span-1"}
2026-02-20T07:15:43.780Z - Error querying db: {"query":"SELECT count(CASE WHEN (\"schedules\".isActive = 1) THEN \"schedules\".id END) \"schedules__active_count\" FROM schedules AS \"schedules\" LIMIT 10000","params":[],"error":"Error: column schedules.isactive does not exist\n    at QueryQueue.parseResult (/app/node_modules/@cubejs-backend/query-orchestrator/src/orchestrator/QueryQueue.ts:384:13)\n    at QueryQueue.executeInQueue (/app/node_modules/@cubejs-backend/query-orchestrator/src/orchestrator/QueryQueue.ts:361:19)\n    at processTicksAndRejections (node:internal/process/task_queues:95:5)\n    at /app/node_modules/@cubejs-backend/query-orchestrator/src/orchestrator/QueryCache.ts:800:17\n    at QueryOrchestrator.fetchQuery (/app/node_modules/@cubejs-backend/query-orchestrator/src/orchestrator/QueryOrchestrator.ts:267:20)\n    at OrchestratorApi.executeQuery (/app/node_modules/@cubejs-backend/server-core/src/core/OrchestratorApi.ts:98:20)\n    at /app/node_modules/@cubejs-backend/api-gateway/src/gateway.ts:1715:21\n    at async Promise.all (index 0)\n    at ApiGateway.getSqlResponseInternal (/app/node_modules/@cubejs-backend/api-gateway/src/gateway.ts:1713:31)\n    at /app/node_modules/@cubejs-backend/api-gateway/src/gateway.ts:1918:28","requestId":"f80b8c46-9a67-44a0-acb4-38bf03a187f9-span-1"}
2026-02-20T07:15:43.781Z - Orchestrator error: {"query":{"measures":["Schedules.activeCount"],"timezone":"UTC"},"error":"Error: column schedules.isactive does not exist","duration":470,"securityContext":{"id":1,"email":"admin@example.com","roles":["ADMIN"],"permissions":["VIEW_REPORTS","MANAGE_USERS","MANAGE_ROLES","MANAGE_MODULES","VIEW_DASHBOARD","VIEW_DATA_SOURCES","VIEW_SCHEDULES","VIEW_LLM","VIEW_CHAT","VIEW_AI_INSIGHTS"],"iat":1771570048,"exp":1771573648},"requestId":"f80b8c46-9a67-44a0-acb4-38bf03a187f9-span-1"}
2026-02-20T07:15:43.799Z - Error while querying: {"queueId":31,"processingId":31,"queueSize":2,"duration":25,"queryKey":["SELECT\n      date_trunc('day', (\"reports\".createdAt::timestamptz AT TIME ZONE 'UTC')) \"reports__created_at_day\", count(\"reports\".id) \"reports__count\"\n    FROM\n      reports AS \"reports\"  WHERE (\"reports\".createdAt >= $1::timestamptz AND \"reports\".createdAt <= $2::timestamptz) GROUP BY 1 ORDER BY 1 ASC LIMIT 10000",["2026-01-21T00:00:00.000Z","2026-02-19T23:59:59.999Z"],[]],"queuePrefix":"SQL_QUERY_STANDALONE_default","requestId":"53ea119b-d720-4f4d-a20a-a4c8be574829-span-1","timeInQueue":182,"addedToQueueTime":1771571743592,"error":"error: column reports.createdat does not exist\n    at /app/node_modules/pg/lib/client.js:624:17\n    at processTicksAndRejections (node:internal/process/task_queues:95:5)\n    at PostgresDriver.queryResponse (/app/node_modules/@cubejs-backend/postgres-driver/src/PostgresDriver.ts:348:19)\n    at PostgresDriver.query (/app/node_modules/@cubejs-backend/postgres-driver/src/PostgresDriver.ts:371:20)\n    at Object.query (/app/node_modules/@cubejs-backend/query-orchestrator/src/orchestrator/QueryCache.ts:639:26)\n    at QueryQueue.processQuery (/app/node_modules/@cubejs-backend/query-orchestrator/src/orchestrator/QueryQueue.ts:798:25)"}
2026-02-20T07:15:43.800Z - Error while renew cycle: {"query":"SELECT\n      date_trunc('day', (\"reports\".createdAt::timestamptz AT TIME ZONE 'UTC')) \"reports__created_at_day\", count(\"reports\".id) \"reports__count\"\n    FROM\n      reports AS \"reports\"  WHERE (\"reports\".createdAt >= $1::timestamptz AND \"reports\".createdAt <= $2::timestamptz) GROUP BY 1 ORDER BY 1 ASC LIMIT 10000","query_values":["2026-01-21T00:00:00.000Z","2026-02-19T23:59:59.999Z"],"error":"Error: column reports.createdat does not exist\n    at QueryQueue.parseResult (/app/node_modules/@cubejs-backend/query-orchestrator/src/orchestrator/QueryQueue.ts:384:13)\n    at QueryQueue.executeInQueue (/app/node_modules/@cubejs-backend/query-orchestrator/src/orchestrator/QueryQueue.ts:361:19)\n    at processTicksAndRejections (node:internal/process/task_queues:95:5)\n    at /app/node_modules/@cubejs-backend/query-orchestrator/src/orchestrator/QueryCache.ts:800:17","requestId":"53ea119b-d720-4f4d-a20a-a4c8be574829-span-1"}
2026-02-20T07:15:43.800Z - Error querying db: {"query":"SELECT date_trunc('day', (\"reports\".createdAt::timestamptz AT TIME ZONE 'UTC')) \"reports__created_at_day\", count(\"reports\".id) \"reports__count\" FROM reports AS \"reports\" WHERE (\"reports\".createdAt >= $1::timestamptz AND \"reports\".createdAt <= $2::timestamptz) GROUP BY 1 ORDER BY 1 ASC LIMIT 10000","params":["2026-01-21T00:00:00.000Z","2026-02-19T23:59:59.999Z"],"error":"Error: column reports.createdat does not exist\n    at QueryQueue.parseResult (/app/node_modules/@cubejs-backend/query-orchestrator/src/orchestrator/QueryQueue.ts:384:13)\n    at QueryQueue.executeInQueue (/app/node_modules/@cubejs-backend/query-orchestrator/src/orchestrator/QueryQueue.ts:361:19)\n    at processTicksAndRejections (node:internal/process/task_queues:95:5)\n    at /app/node_modules/@cubejs-backend/query-orchestrator/src/orchestrator/QueryCache.ts:800:17\n    at QueryOrchestrator.fetchQuery (/app/node_modules/@cubejs-backend/query-orchestrator/src/orchestrator/QueryOrchestrator.ts:267:20)\n    at OrchestratorApi.executeQuery (/app/node_modules/@cubejs-backend/server-core/src/core/OrchestratorApi.ts:98:20)\n    at /app/node_modules/@cubejs-backend/api-gateway/src/gateway.ts:1715:21\n    at async Promise.all (index 0)\n    at ApiGateway.getSqlResponseInternal (/app/node_modules/@cubejs-backend/api-gateway/src/gateway.ts:1713:31)\n    at /app/node_modules/@cubejs-backend/api-gateway/src/gateway.ts:1918:28","requestId":"53ea119b-d720-4f4d-a20a-a4c8be574829-span-1"}
2026-02-20T07:15:43.801Z - Orchestrator error: {"query":{"measures":["Reports.count"],"timeDimensions":[{"dimension":"Reports.createdAt","granularity":"day","dateRange":"last 30 days"}],"timezone":"UTC"},"error":"Error: column reports.createdat does not exist","duration":263,"securityContext":{"id":1,"email":"admin@example.com","roles":["ADMIN"],"permissions":["VIEW_REPORTS","MANAGE_USERS","MANAGE_ROLES","MANAGE_MODULES","VIEW_DASHBOARD","VIEW_DATA_SOURCES","VIEW_SCHEDULES","VIEW_LLM","VIEW_CHAT","VIEW_AI_INSIGHTS"],"iat":1771570048,"exp":1771573648},"requestId":"53ea119b-d720-4f4d-a20a-a4c8be574829-span-1"}
2026-02-20T07:15:43.809Z - Error while querying: {"queueId":33,"processingId":33,"queueSize":1,"duration":27,"queryKey":["SELECT\n      date_trunc('day', (\"dashboards\".createdAt::timestamptz AT TIME ZONE 'UTC')) \"dashboards__created_at_day\", count(\"dashboards\".id) \"dashboards__count\"\n    FROM\n      dashboards AS \"dashboards\"  WHERE (\"dashboards\".createdAt >= $1::timestamptz AND \"dashboards\".createdAt <= $2::timestamptz) GROUP BY 1 ORDER BY 1 ASC LIMIT 10000",["2026-01-21T00:00:00.000Z","2026-02-19T23:59:59.999Z"],[]],"queuePrefix":"SQL_QUERY_STANDALONE_default","requestId":"c2bf5ce0-43db-4827-a663-b74d6337c9d0-span-1","timeInQueue":180,"addedToQueueTime":1771571743599,"error":"error: column dashboards.createdat does not exist\n    at /app/node_modules/pg/lib/client.js:624:17\n    at processTicksAndRejections (node:internal/process/task_queues:95:5)\n    at PostgresDriver.queryResponse (/app/node_modules/@cubejs-backend/postgres-driver/src/PostgresDriver.ts:348:19)\n    at PostgresDriver.query (/app/node_modules/@cubejs-backend/postgres-driver/src/PostgresDriver.ts:371:20)\n    at Object.query (/app/node_modules/@cubejs-backend/query-orchestrator/src/orchestrator/QueryCache.ts:639:26)\n    at QueryQueue.processQuery (/app/node_modules/@cubejs-backend/query-orchestrator/src/orchestrator/QueryQueue.ts:798:25)"}
2026-02-20T07:15:43.812Z - Error while renew cycle: {"query":"SELECT\n      date_trunc('day', (\"dashboards\".createdAt::timestamptz AT TIME ZONE 'UTC')) \"dashboards__created_at_day\", count(\"dashboards\".id) \"dashboards__count\"\n    FROM\n      dashboards AS \"dashboards\"  WHERE (\"dashboards\".createdAt >= $1::timestamptz AND \"dashboards\".createdAt <= $2::timestamptz) GROUP BY 1 ORDER BY 1 ASC LIMIT 10000","query_values":["2026-01-21T00:00:00.000Z","2026-02-19T23:59:59.999Z"],"error":"Error: column dashboards.createdat does not exist\n    at QueryQueue.parseResult (/app/node_modules/@cubejs-backend/query-orchestrator/src/orchestrator/QueryQueue.ts:384:13)\n    at QueryQueue.executeInQueue (/app/node_modules/@cubejs-backend/query-orchestrator/src/orchestrator/QueryQueue.ts:361:19)\n    at processTicksAndRejections (node:internal/process/task_queues:95:5)\n    at /app/node_modules/@cubejs-backend/query-orchestrator/src/orchestrator/QueryCache.ts:800:17","requestId":"c2bf5ce0-43db-4827-a663-b74d6337c9d0-span-1"}
2026-02-20T07:15:43.812Z - Error querying db: {"query":"SELECT date_trunc('day', (\"dashboards\".createdAt::timestamptz AT TIME ZONE 'UTC')) \"dashboards__created_at_day\", count(\"dashboards\".id) \"dashboards__count\" FROM dashboards AS \"dashboards\" WHERE (\"dashboards\".createdAt >= $1::timestamptz AND \"dashboards\".createdAt <= $2::timestamptz) GROUP BY 1 ORDER BY 1 ASC LIMIT 10000","params":["2026-01-21T00:00:00.000Z","2026-02-19T23:59:59.999Z"],"error":"Error: column dashboards.createdat does not exist\n    at QueryQueue.parseResult (/app/node_modules/@cubejs-backend/query-orchestrator/src/orchestrator/QueryQueue.ts:384:13)\n    at QueryQueue.executeInQueue (/app/node_modules/@cubejs-backend/query-orchestrator/src/orchestrator/QueryQueue.ts:361:19)\n    at processTicksAndRejections (node:internal/process/task_queues:95:5)\n    at /app/node_modules/@cubejs-backend/query-orchestrator/src/orchestrator/QueryCache.ts:800:17\n    at QueryOrchestrator.fetchQuery (/app/node_modules/@cubejs-backend/query-orchestrator/src/orchestrator/QueryOrchestrator.ts:267:20)\n    at OrchestratorApi.executeQuery (/app/node_modules/@cubejs-backend/server-core/src/core/OrchestratorApi.ts:98:20)\n    at /app/node_modules/@cubejs-backend/api-gateway/src/gateway.ts:1715:21\n    at async Promise.all (index 0)\n    at ApiGateway.getSqlResponseInternal (/app/node_modules/@cubejs-backend/api-gateway/src/gateway.ts:1713:31)\n    at /app/node_modules/@cubejs-backend/api-gateway/src/gateway.ts:1918:28","requestId":"c2bf5ce0-43db-4827-a663-b74d6337c9d0-span-1"}
2026-02-20T07:15:43.813Z - Orchestrator error: {"query":{"measures":["Dashboards.count"],"timeDimensions":[{"dimension":"Dashboards.createdAt","granularity":"day","dateRange":"last 30 days"}],"timezone":"UTC"},"error":"Error: column dashboards.createdat does not exist","duration":270,"securityContext":{"id":1,"email":"admin@example.com","roles":["ADMIN"],"permissions":["VIEW_REPORTS","MANAGE_USERS","MANAGE_ROLES","MANAGE_MODULES","VIEW_DASHBOARD","VIEW_DATA_SOURCES","VIEW_SCHEDULES","VIEW_LLM","VIEW_CHAT","VIEW_AI_INSIGHTS"],"iat":1771570048,"exp":1771573648},"requestId":"c2bf5ce0-43db-4827-a663-b74d6337c9d0-span-1"}
2026-02-20T07:15:43.815Z - Error while querying: {"queueId":35,"processingId":35,"queueSize":0,"duration":15,"queryKey":["SELECT\n      date_trunc('day', (\"users\".createdAt::timestamptz AT TIME ZONE 'UTC')) \"users__created_at_day\", count(\"users\".id) \"users__count\"\n    FROM\n      users AS \"users\"  WHERE (\"users\".createdAt >= $1::timestamptz AND \"users\".createdAt <= $2::timestamptz) GROUP BY 1 ORDER BY 1 ASC LIMIT 10000",["2026-01-21T00:00:00.000Z","2026-02-19T23:59:59.999Z"],[]],"queuePrefix":"SQL_QUERY_STANDALONE_default","requestId":"bb15229c-9511-4d47-ba9a-98bb6f1959f4-span-1","timeInQueue":179,"addedToQueueTime":1771571743621,"error":"error: column users.createdat does not exist\n    at /app/node_modules/pg/lib/client.js:624:17\n    at processTicksAndRejections (node:internal/process/task_queues:95:5)\n    at PostgresDriver.queryResponse (/app/node_modules/@cubejs-backend/postgres-driver/src/PostgresDriver.ts:348:19)\n    at PostgresDriver.query (/app/node_modules/@cubejs-backend/postgres-driver/src/PostgresDriver.ts:371:20)\n    at Object.query (/app/node_modules/@cubejs-backend/query-orchestrator/src/orchestrator/QueryCache.ts:639:26)\n    at QueryQueue.processQuery (/app/node_modules/@cubejs-backend/query-orchestrator/src/orchestrator/QueryQueue.ts:798:25)"}
2026-02-20T07:15:43.816Z - Error while renew cycle: {"query":"SELECT\n      date_trunc('day', (\"users\".createdAt::timestamptz AT TIME ZONE 'UTC')) \"users__created_at_day\", count(\"users\".id) \"users__count\"\n    FROM\n      users AS \"users\"  WHERE (\"users\".createdAt >= $1::timestamptz AND \"users\".createdAt <= $2::timestamptz) GROUP BY 1 ORDER BY 1 ASC LIMIT 10000","query_values":["2026-01-21T00:00:00.000Z","2026-02-19T23:59:59.999Z"],"error":"Error: column users.createdat does not exist\n    at QueryQueue.parseResult (/app/node_modules/@cubejs-backend/query-orchestrator/src/orchestrator/QueryQueue.ts:384:13)\n    at QueryQueue.executeInQueue (/app/node_modules/@cubejs-backend/query-orchestrator/src/orchestrator/QueryQueue.ts:361:19)\n    at processTicksAndRejections (node:internal/process/task_queues:95:5)\n    at /app/node_modules/@cubejs-backend/query-orchestrator/src/orchestrator/QueryCache.ts:800:17","requestId":"bb15229c-9511-4d47-ba9a-98bb6f1959f4-span-1"}
2026-02-20T07:15:43.817Z - Error querying db: {"query":"SELECT date_trunc('day', (\"users\".createdAt::timestamptz AT TIME ZONE 'UTC')) \"users__created_at_day\", count(\"users\".id) \"users__count\" FROM users AS \"users\" WHERE (\"users\".createdAt >= $1::timestamptz AND \"users\".createdAt <= $2::timestamptz) GROUP BY 1 ORDER BY 1 ASC LIMIT 10000","params":["2026-01-21T00:00:00.000Z","2026-02-19T23:59:59.999Z"],"error":"Error: column users.createdat does not exist\n    at QueryQueue.parseResult (/app/node_modules/@cubejs-backend/query-orchestrator/src/orchestrator/QueryQueue.ts:384:13)\n    at QueryQueue.executeInQueue (/app/node_modules/@cubejs-backend/query-orchestrator/src/orchestrator/QueryQueue.ts:361:19)\n    at processTicksAndRejections (node:internal/process/task_queues:95:5)\n    at /app/node_modules/@cubejs-backend/query-orchestrator/src/orchestrator/QueryCache.ts:800:17\n    at QueryOrchestrator.fetchQuery (/app/node_modules/@cubejs-backend/query-orchestrator/src/orchestrator/QueryOrchestrator.ts:267:20)\n    at OrchestratorApi.executeQuery (/app/node_modules/@cubejs-backend/server-core/src/core/OrchestratorApi.ts:98:20)\n    at /app/node_modules/@cubejs-backend/api-gateway/src/gateway.ts:1715:21\n    at async Promise.all (index 0)\n    at ApiGateway.getSqlResponseInternal (/app/node_modules/@cubejs-backend/api-gateway/src/gateway.ts:1713:31)\n    at /app/node_modules/@cubejs-backend/api-gateway/src/gateway.ts:1918:28","requestId":"bb15229c-9511-4d47-ba9a-98bb6f1959f4-span-1"}
2026-02-20T07:15:43.818Z - Orchestrator error: {"query":{"measures":["Users.count"],"timeDimensions":[{"dimension":"Users.createdAt","granularity":"day","dateRange":"last 30 days"}],"timezone":"UTC"},"error":"Error: column users.createdat does not exist","duration":217,"securityContext":{"id":1,"email":"admin@example.com","roles":["ADMIN"],"permissions":["VIEW_REPORTS","MANAGE_USERS","MANAGE_ROLES","MANAGE_MODULES","VIEW_DASHBOARD","VIEW_DATA_SOURCES","VIEW_SCHEDULES","VIEW_LLM","VIEW_CHAT","VIEW_AI_INSIGHTS"],"iat":1771570048,"exp":1771573648},"requestId":"bb15229c-9511-4d47-ba9a-98bb6f1959f4-span-1"}
2026-02-20T07:15:43.840Z - Error while querying: {"queueId":37,"processingId":37,"queueSize":0,"duration":7,"queryKey":["SELECT\n      count(CASE WHEN (\"schedules\".isActive = 1) THEN \"schedules\".id END) \"schedules__active_count\"\n    FROM\n      schedules AS \"schedules\"  LIMIT 10000",[],[]],"queuePrefix":"SQL_QUERY_STANDALONE_default","requestId":"c4cd7078-0465-443a-b8ca-c4889f4af214-span-1","timeInQueue":0,"addedToQueueTime":1771571743832,"error":"error: column schedules.isactive does not exist\n    at /app/node_modules/pg/lib/client.js:624:17\n    at processTicksAndRejections (node:internal/process/task_queues:95:5)\n    at PostgresDriver.queryResponse (/app/node_modules/@cubejs-backend/postgres-driver/src/PostgresDriver.ts:348:19)\n    at PostgresDriver.query (/app/node_modules/@cubejs-backend/postgres-driver/src/PostgresDriver.ts:371:20)\n    at Object.query (/app/node_modules/@cubejs-backend/query-orchestrator/src/orchestrator/QueryCache.ts:639:26)\n    at QueryQueue.processQuery (/app/node_modules/@cubejs-backend/query-orchestrator/src/orchestrator/QueryQueue.ts:798:25)"}
2026-02-20T07:15:43.845Z - Error while renew cycle: {"query":"SELECT\n      count(CASE WHEN (\"schedules\".isActive = 1) THEN \"schedules\".id END) \"schedules__active_count\"\n    FROM\n      schedules AS \"schedules\"  LIMIT 10000","query_values":[],"error":"Error: column schedules.isactive does not exist\n    at QueryQueue.parseResult (/app/node_modules/@cubejs-backend/query-orchestrator/src/orchestrator/QueryQueue.ts:384:13)\n    at QueryQueue.executeInQueue (/app/node_modules/@cubejs-backend/query-orchestrator/src/orchestrator/QueryQueue.ts:361:19)\n    at processTicksAndRejections (node:internal/process/task_queues:95:5)\n    at /app/node_modules/@cubejs-backend/query-orchestrator/src/orchestrator/QueryCache.ts:800:17","requestId":"c4cd7078-0465-443a-b8ca-c4889f4af214-span-1"}
2026-02-20T07:15:43.845Z - Error querying db: {"query":"SELECT count(CASE WHEN (\"schedules\".isActive = 1) THEN \"schedules\".id END) \"schedules__active_count\" FROM schedules AS \"schedules\" LIMIT 10000","params":[],"error":"Error: column schedules.isactive does not exist\n    at QueryQueue.parseResult (/app/node_modules/@cubejs-backend/query-orchestrator/src/orchestrator/QueryQueue.ts:384:13)\n    at QueryQueue.executeInQueue (/app/node_modules/@cubejs-backend/query-orchestrator/src/orchestrator/QueryQueue.ts:361:19)\n    at processTicksAndRejections (node:internal/process/task_queues:95:5)\n    at /app/node_modules/@cubejs-backend/query-orchestrator/src/orchestrator/QueryCache.ts:800:17\n    at QueryOrchestrator.fetchQuery (/app/node_modules/@cubejs-backend/query-orchestrator/src/orchestrator/QueryOrchestrator.ts:267:20)\n    at OrchestratorApi.executeQuery (/app/node_modules/@cubejs-backend/server-core/src/core/OrchestratorApi.ts:98:20)\n    at /app/node_modules/@cubejs-backend/api-gateway/src/gateway.ts:1715:21\n    at async Promise.all (index 0)\n    at ApiGateway.getSqlResponseInternal (/app/node_modules/@cubejs-backend/api-gateway/src/gateway.ts:1713:31)\n    at /app/node_modules/@cubejs-backend/api-gateway/src/gateway.ts:1918:28","requestId":"c4cd7078-0465-443a-b8ca-c4889f4af214-span-1"}
2026-02-20T07:15:43.845Z - Orchestrator error: {"query":{"measures":["Schedules.activeCount"],"timezone":"UTC"},"error":"Error: column schedules.isactive does not exist","duration":48,"securityContext":{"id":1,"email":"admin@example.com","roles":["ADMIN"],"permissions":["VIEW_REPORTS","MANAGE_USERS","MANAGE_ROLES","MANAGE_MODULES","VIEW_DASHBOARD","VIEW_DATA_SOURCES","VIEW_SCHEDULES","VIEW_LLM","VIEW_CHAT","VIEW_AI_INSIGHTS"],"iat":1771570048,"exp":1771573648},"requestId":"c4cd7078-0465-443a-b8ca-c4889f4af214-span-1"}
2026-02-20T07:15:43.847Z - Error while querying: {"queueId":39,"processingId":39,"queueSize":0,"duration":8,"queryKey":["SELECT\n      \"schedules\".taskType \"schedules__task_type\", count(\"schedules\".id) \"schedules__count\"\n    FROM\n      schedules AS \"schedules\"  GROUP BY 1 ORDER BY 2 DESC LIMIT 10000",[],[]],"queuePrefix":"SQL_QUERY_STANDALONE_default","requestId":"6f175223-cc5c-40ed-9917-98704fc06508-span-1","timeInQueue":1,"addedToQueueTime":1771571743837,"error":"error: column schedules.tasktype does not exist\n    at /app/node_modules/pg/lib/client.js:624:17\n    at processTicksAndRejections (node:internal/process/task_queues:95:5)\n    at PostgresDriver.queryResponse (/app/node_modules/@cubejs-backend/postgres-driver/src/PostgresDriver.ts:348:19)\n    at PostgresDriver.query (/app/node_modules/@cubejs-backend/postgres-driver/src/PostgresDriver.ts:371:20)\n    at Object.query (/app/node_modules/@cubejs-backend/query-orchestrator/src/orchestrator/QueryCache.ts:639:26)\n    at QueryQueue.processQuery (/app/node_modules/@cubejs-backend/query-orchestrator/src/orchestrator/QueryQueue.ts:798:25)"}
2026-02-20T07:15:43.849Z - Error while renew cycle: {"query":"SELECT\n      \"schedules\".taskType \"schedules__task_type\", count(\"schedules\".id) \"schedules__count\"\n    FROM\n      schedules AS \"schedules\"  GROUP BY 1 ORDER BY 2 DESC LIMIT 10000","query_values":[],"error":"Error: column schedules.tasktype does not exist\n    at QueryQueue.parseResult (/app/node_modules/@cubejs-backend/query-orchestrator/src/orchestrator/QueryQueue.ts:384:13)\n    at QueryQueue.executeInQueue (/app/node_modules/@cubejs-backend/query-orchestrator/src/orchestrator/QueryQueue.ts:361:19)\n    at processTicksAndRejections (node:internal/process/task_queues:95:5)\n    at /app/node_modules/@cubejs-backend/query-orchestrator/src/orchestrator/QueryCache.ts:800:17","requestId":"6f175223-cc5c-40ed-9917-98704fc06508-span-1"}
2026-02-20T07:15:43.849Z - Error querying db: {"query":"SELECT \"schedules\".taskType \"schedules__task_type\", count(\"schedules\".id) \"schedules__count\" FROM schedules AS \"schedules\" GROUP BY 1 ORDER BY 2 DESC LIMIT 10000","params":[],"error":"Error: column schedules.tasktype does not exist\n    at QueryQueue.parseResult (/app/node_modules/@cubejs-backend/query-orchestrator/src/orchestrator/QueryQueue.ts:384:13)\n    at QueryQueue.executeInQueue (/app/node_modules/@cubejs-backend/query-orchestrator/src/orchestrator/QueryQueue.ts:361:19)\n    at processTicksAndRejections (node:internal/process/task_queues:95:5)\n    at /app/node_modules/@cubejs-backend/query-orchestrator/src/orchestrator/QueryCache.ts:800:17\n    at QueryOrchestrator.fetchQuery (/app/node_modules/@cubejs-backend/query-orchestrator/src/orchestrator/QueryOrchestrator.ts:267:20)\n    at OrchestratorApi.executeQuery (/app/node_modules/@cubejs-backend/server-core/src/core/OrchestratorApi.ts:98:20)\n    at /app/node_modules/@cubejs-backend/api-gateway/src/gateway.ts:1715:21\n    at async Promise.all (index 0)\n    at ApiGateway.getSqlResponseInternal (/app/node_modules/@cubejs-backend/api-gateway/src/gateway.ts:1713:31)\n    at /app/node_modules/@cubejs-backend/api-gateway/src/gateway.ts:1918:28","requestId":"6f175223-cc5c-40ed-9917-98704fc06508-span-1"}
2026-02-20T07:15:43.850Z - Orchestrator error: {"query":{"measures":["Schedules.count"],"dimensions":["Schedules.taskType"],"timezone":"UTC"},"error":"Error: column schedules.tasktype does not exist","duration":60,"securityContext":{"id":1,"email":"admin@example.com","roles":["ADMIN"],"permissions":["VIEW_REPORTS","MANAGE_USERS","MANAGE_ROLES","MANAGE_MODULES","VIEW_DASHBOARD","VIEW_DATA_SOURCES","VIEW_SCHEDULES","VIEW_LLM","VIEW_CHAT","VIEW_AI_INSIGHTS"],"iat":1771570048,"exp":1771573648},"requestId":"6f175223-cc5c-40ed-9917-98704fc06508-span-1"}
